2025-03-19T12:42:30.5553675-04:00  [WRN] The WebRootPath was not found: "C:\Users\chtay\source\SubletUC-Angular-QA\SubletUC.Server\wwwroot". Static files may be unavailable. (3ae2c740)
2025-03-19T12:42:30.6785260-04:00  [WRN] The WebRootPath was not found: "C:\Users\chtay\source\SubletUC-Angular-QA\SubletUC.Server\wwwroot". Static files may be unavailable. (3ae2c740)
2025-03-19T12:42:30.8406961-04:00  [INF] Initialized Scheduler Signaller of type: Quartz.Core.SchedulerSignalerImpl (d6ab0d5f)
2025-03-19T12:42:30.8410574-04:00  [INF] Quartz Scheduler created (389d80b0)
2025-03-19T12:42:30.8414975-04:00  [INF] JobFactory set to: Quartz.Simpl.MicrosoftDependencyInjectionJobFactory (17471663)
2025-03-19T12:42:30.8417115-04:00  [INF] RAMJobStore initialized. (8c5a21db)
2025-03-19T12:42:30.8420912-04:00  [INF] Quartz Scheduler 3.13.1.0 - 'QuartzScheduler' with instanceId 'NON_CLUSTERED' initialized (70e8852b)
2025-03-19T12:42:30.8422336-04:00  [INF] Using thread pool 'Quartz.Simpl.DefaultThreadPool', size: 10 (7942d54d)
2025-03-19T12:42:30.8424647-04:00  [INF] Using job store 'Quartz.Simpl.RAMJobStore', supports persistence: False, clustered: False (46d3fae1)
2025-03-19T12:42:30.9823594-04:00  [INF] Now listening on: "http://localhost:5225" (d826f4b8)
2025-03-19T12:42:30.9831444-04:00  [INF] Application started. Press Ctrl+C to shut down. (dcaefe54)
2025-03-19T12:42:30.9835262-04:00  [INF] Hosting environment: "Development" (bc5a1a4e)
2025-03-19T12:42:30.9835630-04:00  [INF] Content root path: "C:\Users\chtay\source\SubletUC-Angular-QA\SubletUC.Server" (cc26f24e)
2025-03-19T12:42:30.9870916-04:00  [INF] Scheduler QuartzScheduler_$_NON_CLUSTERED started. (51b2cfb9)
2025-03-19T12:50:31.0105326-04:00  [ERR] Job OpenIddict/Quartz.NET integration.OpenIddict job threw a JobExecutionException:  (f1c848c9)
Parameters: refire = True, unscheduleFiringTrigger = False, unscheduleAllTriggers = False 
 Quartz.JobExecutionException: One or more errors occurred. (Method not found: 'System.Threading.Tasks.Task`1<Int32> Microsoft.EntityFrameworkCore.RelationalQueryableExtensions.ExecuteDeleteAsync(System.Linq.IQueryable`1<!!0>, System.Threading.CancellationToken)'.) (Method not found: 'System.Threading.Tasks.Task`1<Int32> Microsoft.EntityFrameworkCore.RelationalQueryableExtensions.ExecuteDeleteAsync(System.Linq.IQueryable`1<!!0>, System.Threading.CancellationToken)'.)
 ---> System.AggregateException: One or more errors occurred. (Method not found: 'System.Threading.Tasks.Task`1<Int32> Microsoft.EntityFrameworkCore.RelationalQueryableExtensions.ExecuteDeleteAsync(System.Linq.IQueryable`1<!!0>, System.Threading.CancellationToken)'.) (Method not found: 'System.Threading.Tasks.Task`1<Int32> Microsoft.EntityFrameworkCore.RelationalQueryableExtensions.ExecuteDeleteAsync(System.Linq.IQueryable`1<!!0>, System.Threading.CancellationToken)'.)
 ---> System.MissingMethodException: Method not found: 'System.Threading.Tasks.Task`1<Int32> Microsoft.EntityFrameworkCore.RelationalQueryableExtensions.ExecuteDeleteAsync(System.Linq.IQueryable`1<!!0>, System.Threading.CancellationToken)'.
   at OpenIddict.EntityFrameworkCore.OpenIddictEntityFrameworkCoreTokenStore`5.PruneAsync(DateTimeOffset threshold, CancellationToken cancellationToken)
   at System.Runtime.CompilerServices.AsyncMethodBuilderCore.Start[TStateMachine](TStateMachine& stateMachine)
   at OpenIddict.EntityFrameworkCore.OpenIddictEntityFrameworkCoreTokenStore`5.PruneAsync(DateTimeOffset threshold, CancellationToken cancellationToken)
   at OpenIddict.Core.OpenIddictTokenManager`1.PruneAsync(DateTimeOffset threshold, CancellationToken cancellationToken)
   at OpenIddict.Core.OpenIddictTokenManager`1.OpenIddict.Abstractions.IOpenIddictTokenManager.PruneAsync(DateTimeOffset threshold, CancellationToken cancellationToken)
   at OpenIddict.Quartz.OpenIddictQuartzJob.Execute(IJobExecutionContext context)
   --- End of inner exception stack trace ---
 ---> (Inner Exception #1) System.MissingMethodException: Method not found: 'System.Threading.Tasks.Task`1<Int32> Microsoft.EntityFrameworkCore.RelationalQueryableExtensions.ExecuteDeleteAsync(System.Linq.IQueryable`1<!!0>, System.Threading.CancellationToken)'.
   at OpenIddict.EntityFrameworkCore.OpenIddictEntityFrameworkCoreAuthorizationStore`5.PruneAsync(DateTimeOffset threshold, CancellationToken cancellationToken)
   at System.Runtime.CompilerServices.AsyncMethodBuilderCore.Start[TStateMachine](TStateMachine& stateMachine)
   at OpenIddict.EntityFrameworkCore.OpenIddictEntityFrameworkCoreAuthorizationStore`5.PruneAsync(DateTimeOffset threshold, CancellationToken cancellationToken)
   at OpenIddict.Core.OpenIddictAuthorizationManager`1.PruneAsync(DateTimeOffset threshold, CancellationToken cancellationToken)
   at OpenIddict.Core.OpenIddictAuthorizationManager`1.OpenIddict.Abstractions.IOpenIddictAuthorizationManager.PruneAsync(DateTimeOffset threshold, CancellationToken cancellationToken)
   at OpenIddict.Quartz.OpenIddictQuartzJob.Execute(IJobExecutionContext context)<---

   --- End of inner exception stack trace ---
   at OpenIddict.Quartz.OpenIddictQuartzJob.Execute(IJobExecutionContext context)
   at OpenIddict.Quartz.OpenIddictQuartzJob.Execute(IJobExecutionContext context)
   at Quartz.Core.JobRunShell.Run(CancellationToken cancellationToken) [See nested exception: System.AggregateException: One or more errors occurred. (Method not found: 'System.Threading.Tasks.Task`1<Int32> Microsoft.EntityFrameworkCore.RelationalQueryableExtensions.ExecuteDeleteAsync(System.Linq.IQueryable`1<!!0>, System.Threading.CancellationToken)'.) (Method not found: 'System.Threading.Tasks.Task`1<Int32> Microsoft.EntityFrameworkCore.RelationalQueryableExtensions.ExecuteDeleteAsync(System.Linq.IQueryable`1<!!0>, System.Threading.CancellationToken)'.)
 ---> System.MissingMethodException: Method not found: 'System.Threading.Tasks.Task`1<Int32> Microsoft.EntityFrameworkCore.RelationalQueryableExtensions.ExecuteDeleteAsync(System.Linq.IQueryable`1<!!0>, System.Threading.CancellationToken)'.
   at OpenIddict.EntityFrameworkCore.OpenIddictEntityFrameworkCoreTokenStore`5.PruneAsync(DateTimeOffset threshold, CancellationToken cancellationToken)
   at System.Runtime.CompilerServices.AsyncMethodBuilderCore.Start[TStateMachine](TStateMachine& stateMachine)
   at OpenIddict.EntityFrameworkCore.OpenIddictEntityFrameworkCoreTokenStore`5.PruneAsync(DateTimeOffset threshold, CancellationToken cancellationToken)
   at OpenIddict.Core.OpenIddictTokenManager`1.PruneAsync(DateTimeOffset threshold, CancellationToken cancellationToken)
   at OpenIddict.Core.OpenIddictTokenManager`1.OpenIddict.Abstractions.IOpenIddictTokenManager.PruneAsync(DateTimeOffset threshold, CancellationToken cancellationToken)
   at OpenIddict.Quartz.OpenIddictQuartzJob.Execute(IJobExecutionContext context)
   --- End of inner exception stack trace ---
 ---> (Inner Exception #1) System.MissingMethodException: Method not found: 'System.Threading.Tasks.Task`1<Int32> Microsoft.EntityFrameworkCore.RelationalQueryableExtensions.ExecuteDeleteAsync(System.Linq.IQueryable`1<!!0>, System.Threading.CancellationToken)'.
   at OpenIddict.EntityFrameworkCore.OpenIddictEntityFrameworkCoreAuthorizationStore`5.PruneAsync(DateTimeOffset threshold, CancellationToken cancellationToken)
   at System.Runtime.CompilerServices.AsyncMethodBuilderCore.Start[TStateMachine](TStateMachine& stateMachine)
   at OpenIddict.EntityFrameworkCore.OpenIddictEntityFrameworkCoreAuthorizationStore`5.PruneAsync(DateTimeOffset threshold, CancellationToken cancellationToken)
   at OpenIddict.Core.OpenIddictAuthorizationManager`1.PruneAsync(DateTimeOffset threshold, CancellationToken cancellationToken)
   at OpenIddict.Core.OpenIddictAuthorizationManager`1.OpenIddict.Abstractions.IOpenIddictAuthorizationManager.PruneAsync(DateTimeOffset threshold, CancellationToken cancellationToken)
   at OpenIddict.Quartz.OpenIddictQuartzJob.Execute(IJobExecutionContext context)<---
]
2025-03-19T12:50:31.0385267-04:00  [ERR] Job OpenIddict/Quartz.NET integration.OpenIddict job threw a JobExecutionException:  (f1c848c9)
Parameters: refire = True, unscheduleFiringTrigger = False, unscheduleAllTriggers = False 
 Quartz.JobExecutionException: One or more errors occurred. (Method not found: 'System.Threading.Tasks.Task`1<Int32> Microsoft.EntityFrameworkCore.RelationalQueryableExtensions.ExecuteDeleteAsync(System.Linq.IQueryable`1<!!0>, System.Threading.CancellationToken)'.) (Method not found: 'System.Threading.Tasks.Task`1<Int32> Microsoft.EntityFrameworkCore.RelationalQueryableExtensions.ExecuteDeleteAsync(System.Linq.IQueryable`1<!!0>, System.Threading.CancellationToken)'.)
 ---> System.AggregateException: One or more errors occurred. (Method not found: 'System.Threading.Tasks.Task`1<Int32> Microsoft.EntityFrameworkCore.RelationalQueryableExtensions.ExecuteDeleteAsync(System.Linq.IQueryable`1<!!0>, System.Threading.CancellationToken)'.) (Method not found: 'System.Threading.Tasks.Task`1<Int32> Microsoft.EntityFrameworkCore.RelationalQueryableExtensions.ExecuteDeleteAsync(System.Linq.IQueryable`1<!!0>, System.Threading.CancellationToken)'.)
 ---> System.MissingMethodException: Method not found: 'System.Threading.Tasks.Task`1<Int32> Microsoft.EntityFrameworkCore.RelationalQueryableExtensions.ExecuteDeleteAsync(System.Linq.IQueryable`1<!!0>, System.Threading.CancellationToken)'.
   at OpenIddict.EntityFrameworkCore.OpenIddictEntityFrameworkCoreTokenStore`5.PruneAsync(DateTimeOffset threshold, CancellationToken cancellationToken)
   at System.Runtime.CompilerServices.AsyncMethodBuilderCore.Start[TStateMachine](TStateMachine& stateMachine)
   at OpenIddict.EntityFrameworkCore.OpenIddictEntityFrameworkCoreTokenStore`5.PruneAsync(DateTimeOffset threshold, CancellationToken cancellationToken)
   at OpenIddict.Core.OpenIddictTokenManager`1.PruneAsync(DateTimeOffset threshold, CancellationToken cancellationToken)
   at OpenIddict.Core.OpenIddictTokenManager`1.OpenIddict.Abstractions.IOpenIddictTokenManager.PruneAsync(DateTimeOffset threshold, CancellationToken cancellationToken)
   at OpenIddict.Quartz.OpenIddictQuartzJob.Execute(IJobExecutionContext context)
   --- End of inner exception stack trace ---
 ---> (Inner Exception #1) System.MissingMethodException: Method not found: 'System.Threading.Tasks.Task`1<Int32> Microsoft.EntityFrameworkCore.RelationalQueryableExtensions.ExecuteDeleteAsync(System.Linq.IQueryable`1<!!0>, System.Threading.CancellationToken)'.
   at OpenIddict.EntityFrameworkCore.OpenIddictEntityFrameworkCoreAuthorizationStore`5.PruneAsync(DateTimeOffset threshold, CancellationToken cancellationToken)
   at System.Runtime.CompilerServices.AsyncMethodBuilderCore.Start[TStateMachine](TStateMachine& stateMachine)
   at OpenIddict.EntityFrameworkCore.OpenIddictEntityFrameworkCoreAuthorizationStore`5.PruneAsync(DateTimeOffset threshold, CancellationToken cancellationToken)
   at OpenIddict.Core.OpenIddictAuthorizationManager`1.PruneAsync(DateTimeOffset threshold, CancellationToken cancellationToken)
   at OpenIddict.Core.OpenIddictAuthorizationManager`1.OpenIddict.Abstractions.IOpenIddictAuthorizationManager.PruneAsync(DateTimeOffset threshold, CancellationToken cancellationToken)
   at OpenIddict.Quartz.OpenIddictQuartzJob.Execute(IJobExecutionContext context)<---

   --- End of inner exception stack trace ---
   at OpenIddict.Quartz.OpenIddictQuartzJob.Execute(IJobExecutionContext context)
   at OpenIddict.Quartz.OpenIddictQuartzJob.Execute(IJobExecutionContext context)
   at Quartz.Core.JobRunShell.Run(CancellationToken cancellationToken) [See nested exception: System.AggregateException: One or more errors occurred. (Method not found: 'System.Threading.Tasks.Task`1<Int32> Microsoft.EntityFrameworkCore.RelationalQueryableExtensions.ExecuteDeleteAsync(System.Linq.IQueryable`1<!!0>, System.Threading.CancellationToken)'.) (Method not found: 'System.Threading.Tasks.Task`1<Int32> Microsoft.EntityFrameworkCore.RelationalQueryableExtensions.ExecuteDeleteAsync(System.Linq.IQueryable`1<!!0>, System.Threading.CancellationToken)'.)
 ---> System.MissingMethodException: Method not found: 'System.Threading.Tasks.Task`1<Int32> Microsoft.EntityFrameworkCore.RelationalQueryableExtensions.ExecuteDeleteAsync(System.Linq.IQueryable`1<!!0>, System.Threading.CancellationToken)'.
   at OpenIddict.EntityFrameworkCore.OpenIddictEntityFrameworkCoreTokenStore`5.PruneAsync(DateTimeOffset threshold, CancellationToken cancellationToken)
   at System.Runtime.CompilerServices.AsyncMethodBuilderCore.Start[TStateMachine](TStateMachine& stateMachine)
   at OpenIddict.EntityFrameworkCore.OpenIddictEntityFrameworkCoreTokenStore`5.PruneAsync(DateTimeOffset threshold, CancellationToken cancellationToken)
   at OpenIddict.Core.OpenIddictTokenManager`1.PruneAsync(DateTimeOffset threshold, CancellationToken cancellationToken)
   at OpenIddict.Core.OpenIddictTokenManager`1.OpenIddict.Abstractions.IOpenIddictTokenManager.PruneAsync(DateTimeOffset threshold, CancellationToken cancellationToken)
   at OpenIddict.Quartz.OpenIddictQuartzJob.Execute(IJobExecutionContext context)
   --- End of inner exception stack trace ---
 ---> (Inner Exception #1) System.MissingMethodException: Method not found: 'System.Threading.Tasks.Task`1<Int32> Microsoft.EntityFrameworkCore.RelationalQueryableExtensions.ExecuteDeleteAsync(System.Linq.IQueryable`1<!!0>, System.Threading.CancellationToken)'.
   at OpenIddict.EntityFrameworkCore.OpenIddictEntityFrameworkCoreAuthorizationStore`5.PruneAsync(DateTimeOffset threshold, CancellationToken cancellationToken)
   at System.Runtime.CompilerServices.AsyncMethodBuilderCore.Start[TStateMachine](TStateMachine& stateMachine)
   at OpenIddict.EntityFrameworkCore.OpenIddictEntityFrameworkCoreAuthorizationStore`5.PruneAsync(DateTimeOffset threshold, CancellationToken cancellationToken)
   at OpenIddict.Core.OpenIddictAuthorizationManager`1.PruneAsync(DateTimeOffset threshold, CancellationToken cancellationToken)
   at OpenIddict.Core.OpenIddictAuthorizationManager`1.OpenIddict.Abstractions.IOpenIddictAuthorizationManager.PruneAsync(DateTimeOffset threshold, CancellationToken cancellationToken)
   at OpenIddict.Quartz.OpenIddictQuartzJob.Execute(IJobExecutionContext context)<---
]
2025-03-19T12:50:31.0527823-04:00  [ERR] Job OpenIddict/Quartz.NET integration.OpenIddict job threw a JobExecutionException:  (f1c848c9)
Parameters: refire = False, unscheduleFiringTrigger = False, unscheduleAllTriggers = False 
 Quartz.JobExecutionException: One or more errors occurred. (Method not found: 'System.Threading.Tasks.Task`1<Int32> Microsoft.EntityFrameworkCore.RelationalQueryableExtensions.ExecuteDeleteAsync(System.Linq.IQueryable`1<!!0>, System.Threading.CancellationToken)'.) (Method not found: 'System.Threading.Tasks.Task`1<Int32> Microsoft.EntityFrameworkCore.RelationalQueryableExtensions.ExecuteDeleteAsync(System.Linq.IQueryable`1<!!0>, System.Threading.CancellationToken)'.)
 ---> System.AggregateException: One or more errors occurred. (Method not found: 'System.Threading.Tasks.Task`1<Int32> Microsoft.EntityFrameworkCore.RelationalQueryableExtensions.ExecuteDeleteAsync(System.Linq.IQueryable`1<!!0>, System.Threading.CancellationToken)'.) (Method not found: 'System.Threading.Tasks.Task`1<Int32> Microsoft.EntityFrameworkCore.RelationalQueryableExtensions.ExecuteDeleteAsync(System.Linq.IQueryable`1<!!0>, System.Threading.CancellationToken)'.)
 ---> System.MissingMethodException: Method not found: 'System.Threading.Tasks.Task`1<Int32> Microsoft.EntityFrameworkCore.RelationalQueryableExtensions.ExecuteDeleteAsync(System.Linq.IQueryable`1<!!0>, System.Threading.CancellationToken)'.
   at OpenIddict.EntityFrameworkCore.OpenIddictEntityFrameworkCoreTokenStore`5.PruneAsync(DateTimeOffset threshold, CancellationToken cancellationToken)
   at System.Runtime.CompilerServices.AsyncMethodBuilderCore.Start[TStateMachine](TStateMachine& stateMachine)
   at OpenIddict.EntityFrameworkCore.OpenIddictEntityFrameworkCoreTokenStore`5.PruneAsync(DateTimeOffset threshold, CancellationToken cancellationToken)
   at OpenIddict.Core.OpenIddictTokenManager`1.PruneAsync(DateTimeOffset threshold, CancellationToken cancellationToken)
   at OpenIddict.Core.OpenIddictTokenManager`1.OpenIddict.Abstractions.IOpenIddictTokenManager.PruneAsync(DateTimeOffset threshold, CancellationToken cancellationToken)
   at OpenIddict.Quartz.OpenIddictQuartzJob.Execute(IJobExecutionContext context)
   --- End of inner exception stack trace ---
 ---> (Inner Exception #1) System.MissingMethodException: Method not found: 'System.Threading.Tasks.Task`1<Int32> Microsoft.EntityFrameworkCore.RelationalQueryableExtensions.ExecuteDeleteAsync(System.Linq.IQueryable`1<!!0>, System.Threading.CancellationToken)'.
   at OpenIddict.EntityFrameworkCore.OpenIddictEntityFrameworkCoreAuthorizationStore`5.PruneAsync(DateTimeOffset threshold, CancellationToken cancellationToken)
   at System.Runtime.CompilerServices.AsyncMethodBuilderCore.Start[TStateMachine](TStateMachine& stateMachine)
   at OpenIddict.EntityFrameworkCore.OpenIddictEntityFrameworkCoreAuthorizationStore`5.PruneAsync(DateTimeOffset threshold, CancellationToken cancellationToken)
   at OpenIddict.Core.OpenIddictAuthorizationManager`1.PruneAsync(DateTimeOffset threshold, CancellationToken cancellationToken)
   at OpenIddict.Core.OpenIddictAuthorizationManager`1.OpenIddict.Abstractions.IOpenIddictAuthorizationManager.PruneAsync(DateTimeOffset threshold, CancellationToken cancellationToken)
   at OpenIddict.Quartz.OpenIddictQuartzJob.Execute(IJobExecutionContext context)<---

   --- End of inner exception stack trace ---
   at OpenIddict.Quartz.OpenIddictQuartzJob.Execute(IJobExecutionContext context)
   at OpenIddict.Quartz.OpenIddictQuartzJob.Execute(IJobExecutionContext context)
   at Quartz.Core.JobRunShell.Run(CancellationToken cancellationToken) [See nested exception: System.AggregateException: One or more errors occurred. (Method not found: 'System.Threading.Tasks.Task`1<Int32> Microsoft.EntityFrameworkCore.RelationalQueryableExtensions.ExecuteDeleteAsync(System.Linq.IQueryable`1<!!0>, System.Threading.CancellationToken)'.) (Method not found: 'System.Threading.Tasks.Task`1<Int32> Microsoft.EntityFrameworkCore.RelationalQueryableExtensions.ExecuteDeleteAsync(System.Linq.IQueryable`1<!!0>, System.Threading.CancellationToken)'.)
 ---> System.MissingMethodException: Method not found: 'System.Threading.Tasks.Task`1<Int32> Microsoft.EntityFrameworkCore.RelationalQueryableExtensions.ExecuteDeleteAsync(System.Linq.IQueryable`1<!!0>, System.Threading.CancellationToken)'.
   at OpenIddict.EntityFrameworkCore.OpenIddictEntityFrameworkCoreTokenStore`5.PruneAsync(DateTimeOffset threshold, CancellationToken cancellationToken)
   at System.Runtime.CompilerServices.AsyncMethodBuilderCore.Start[TStateMachine](TStateMachine& stateMachine)
   at OpenIddict.EntityFrameworkCore.OpenIddictEntityFrameworkCoreTokenStore`5.PruneAsync(DateTimeOffset threshold, CancellationToken cancellationToken)
   at OpenIddict.Core.OpenIddictTokenManager`1.PruneAsync(DateTimeOffset threshold, CancellationToken cancellationToken)
   at OpenIddict.Core.OpenIddictTokenManager`1.OpenIddict.Abstractions.IOpenIddictTokenManager.PruneAsync(DateTimeOffset threshold, CancellationToken cancellationToken)
   at OpenIddict.Quartz.OpenIddictQuartzJob.Execute(IJobExecutionContext context)
   --- End of inner exception stack trace ---
 ---> (Inner Exception #1) System.MissingMethodException: Method not found: 'System.Threading.Tasks.Task`1<Int32> Microsoft.EntityFrameworkCore.RelationalQueryableExtensions.ExecuteDeleteAsync(System.Linq.IQueryable`1<!!0>, System.Threading.CancellationToken)'.
   at OpenIddict.EntityFrameworkCore.OpenIddictEntityFrameworkCoreAuthorizationStore`5.PruneAsync(DateTimeOffset threshold, CancellationToken cancellationToken)
   at System.Runtime.CompilerServices.AsyncMethodBuilderCore.Start[TStateMachine](TStateMachine& stateMachine)
   at OpenIddict.EntityFrameworkCore.OpenIddictEntityFrameworkCoreAuthorizationStore`5.PruneAsync(DateTimeOffset threshold, CancellationToken cancellationToken)
   at OpenIddict.Core.OpenIddictAuthorizationManager`1.PruneAsync(DateTimeOffset threshold, CancellationToken cancellationToken)
   at OpenIddict.Core.OpenIddictAuthorizationManager`1.OpenIddict.Abstractions.IOpenIddictAuthorizationManager.PruneAsync(DateTimeOffset threshold, CancellationToken cancellationToken)
   at OpenIddict.Quartz.OpenIddictQuartzJob.Execute(IJobExecutionContext context)<---
]
2025-03-19T13:08:47.6191877-04:00  [INF] Application is shutting down... (90f52c38)
2025-03-19T13:08:47.6373791-04:00  [INF] Scheduler "QuartzScheduler_$_NON_CLUSTERED" shutting down. (cff05048)
2025-03-19T13:08:47.6389872-04:00  [INF] Scheduler QuartzScheduler_$_NON_CLUSTERED paused. (4b94edca)
2025-03-19T13:08:47.6442361-04:00  [INF] Scheduler QuartzScheduler_$_NON_CLUSTERED Shutdown complete. (0c25828c)
2025-03-19T13:08:58.6717796-04:00  [WRN] The WebRootPath was not found: "C:\Users\chtay\source\SubletUC-Angular-QA\SubletUC.Server\wwwroot". Static files may be unavailable. (3ae2c740)
2025-03-19T13:08:58.7505036-04:00  [WRN] The WebRootPath was not found: "C:\Users\chtay\source\SubletUC-Angular-QA\SubletUC.Server\wwwroot". Static files may be unavailable. (3ae2c740)
2025-03-19T13:08:58.8617907-04:00  [INF] Initialized Scheduler Signaller of type: Quartz.Core.SchedulerSignalerImpl (d6ab0d5f)
2025-03-19T13:08:58.8621419-04:00  [INF] Quartz Scheduler created (389d80b0)
2025-03-19T13:08:58.8626088-04:00  [INF] JobFactory set to: Quartz.Simpl.MicrosoftDependencyInjectionJobFactory (17471663)
2025-03-19T13:08:58.8629243-04:00  [INF] RAMJobStore initialized. (8c5a21db)
2025-03-19T13:08:58.8633640-04:00  [INF] Quartz Scheduler 3.13.1.0 - 'QuartzScheduler' with instanceId 'NON_CLUSTERED' initialized (70e8852b)
2025-03-19T13:08:58.8635836-04:00  [INF] Using thread pool 'Quartz.Simpl.DefaultThreadPool', size: 10 (7942d54d)
2025-03-19T13:08:58.8638542-04:00  [INF] Using job store 'Quartz.Simpl.RAMJobStore', supports persistence: False, clustered: False (46d3fae1)
2025-03-19T13:08:58.9727711-04:00  [INF] Now listening on: "http://localhost:5225" (d826f4b8)
2025-03-19T13:08:58.9734340-04:00  [INF] Application started. Press Ctrl+C to shut down. (dcaefe54)
2025-03-19T13:08:58.9739086-04:00  [INF] Hosting environment: "Development" (bc5a1a4e)
2025-03-19T13:08:58.9739608-04:00  [INF] Content root path: "C:\Users\chtay\source\SubletUC-Angular-QA\SubletUC.Server" (cc26f24e)
2025-03-19T13:08:58.9780535-04:00  [INF] Scheduler QuartzScheduler_$_NON_CLUSTERED started. (51b2cfb9)
2025-03-19T13:15:58.9580753-04:00  [ERR] Job OpenIddict/Quartz.NET integration.OpenIddict job threw a JobExecutionException:  (f1c848c9)
Parameters: refire = True, unscheduleFiringTrigger = False, unscheduleAllTriggers = False 
 Quartz.JobExecutionException: One or more errors occurred. (Method not found: 'System.Threading.Tasks.Task`1<Int32> Microsoft.EntityFrameworkCore.RelationalQueryableExtensions.ExecuteDeleteAsync(System.Linq.IQueryable`1<!!0>, System.Threading.CancellationToken)'.) (Method not found: 'System.Threading.Tasks.Task`1<Int32> Microsoft.EntityFrameworkCore.RelationalQueryableExtensions.ExecuteDeleteAsync(System.Linq.IQueryable`1<!!0>, System.Threading.CancellationToken)'.)
 ---> System.AggregateException: One or more errors occurred. (Method not found: 'System.Threading.Tasks.Task`1<Int32> Microsoft.EntityFrameworkCore.RelationalQueryableExtensions.ExecuteDeleteAsync(System.Linq.IQueryable`1<!!0>, System.Threading.CancellationToken)'.) (Method not found: 'System.Threading.Tasks.Task`1<Int32> Microsoft.EntityFrameworkCore.RelationalQueryableExtensions.ExecuteDeleteAsync(System.Linq.IQueryable`1<!!0>, System.Threading.CancellationToken)'.)
 ---> System.MissingMethodException: Method not found: 'System.Threading.Tasks.Task`1<Int32> Microsoft.EntityFrameworkCore.RelationalQueryableExtensions.ExecuteDeleteAsync(System.Linq.IQueryable`1<!!0>, System.Threading.CancellationToken)'.
   at OpenIddict.EntityFrameworkCore.OpenIddictEntityFrameworkCoreTokenStore`5.PruneAsync(DateTimeOffset threshold, CancellationToken cancellationToken)
   at System.Runtime.CompilerServices.AsyncMethodBuilderCore.Start[TStateMachine](TStateMachine& stateMachine)
   at OpenIddict.EntityFrameworkCore.OpenIddictEntityFrameworkCoreTokenStore`5.PruneAsync(DateTimeOffset threshold, CancellationToken cancellationToken)
   at OpenIddict.Core.OpenIddictTokenManager`1.PruneAsync(DateTimeOffset threshold, CancellationToken cancellationToken)
   at OpenIddict.Core.OpenIddictTokenManager`1.OpenIddict.Abstractions.IOpenIddictTokenManager.PruneAsync(DateTimeOffset threshold, CancellationToken cancellationToken)
   at OpenIddict.Quartz.OpenIddictQuartzJob.Execute(IJobExecutionContext context)
   --- End of inner exception stack trace ---
 ---> (Inner Exception #1) System.MissingMethodException: Method not found: 'System.Threading.Tasks.Task`1<Int32> Microsoft.EntityFrameworkCore.RelationalQueryableExtensions.ExecuteDeleteAsync(System.Linq.IQueryable`1<!!0>, System.Threading.CancellationToken)'.
   at OpenIddict.EntityFrameworkCore.OpenIddictEntityFrameworkCoreAuthorizationStore`5.PruneAsync(DateTimeOffset threshold, CancellationToken cancellationToken)
   at System.Runtime.CompilerServices.AsyncMethodBuilderCore.Start[TStateMachine](TStateMachine& stateMachine)
   at OpenIddict.EntityFrameworkCore.OpenIddictEntityFrameworkCoreAuthorizationStore`5.PruneAsync(DateTimeOffset threshold, CancellationToken cancellationToken)
   at OpenIddict.Core.OpenIddictAuthorizationManager`1.PruneAsync(DateTimeOffset threshold, CancellationToken cancellationToken)
   at OpenIddict.Core.OpenIddictAuthorizationManager`1.OpenIddict.Abstractions.IOpenIddictAuthorizationManager.PruneAsync(DateTimeOffset threshold, CancellationToken cancellationToken)
   at OpenIddict.Quartz.OpenIddictQuartzJob.Execute(IJobExecutionContext context)<---

   --- End of inner exception stack trace ---
   at OpenIddict.Quartz.OpenIddictQuartzJob.Execute(IJobExecutionContext context)
   at OpenIddict.Quartz.OpenIddictQuartzJob.Execute(IJobExecutionContext context)
   at Quartz.Core.JobRunShell.Run(CancellationToken cancellationToken) [See nested exception: System.AggregateException: One or more errors occurred. (Method not found: 'System.Threading.Tasks.Task`1<Int32> Microsoft.EntityFrameworkCore.RelationalQueryableExtensions.ExecuteDeleteAsync(System.Linq.IQueryable`1<!!0>, System.Threading.CancellationToken)'.) (Method not found: 'System.Threading.Tasks.Task`1<Int32> Microsoft.EntityFrameworkCore.RelationalQueryableExtensions.ExecuteDeleteAsync(System.Linq.IQueryable`1<!!0>, System.Threading.CancellationToken)'.)
 ---> System.MissingMethodException: Method not found: 'System.Threading.Tasks.Task`1<Int32> Microsoft.EntityFrameworkCore.RelationalQueryableExtensions.ExecuteDeleteAsync(System.Linq.IQueryable`1<!!0>, System.Threading.CancellationToken)'.
   at OpenIddict.EntityFrameworkCore.OpenIddictEntityFrameworkCoreTokenStore`5.PruneAsync(DateTimeOffset threshold, CancellationToken cancellationToken)
   at System.Runtime.CompilerServices.AsyncMethodBuilderCore.Start[TStateMachine](TStateMachine& stateMachine)
   at OpenIddict.EntityFrameworkCore.OpenIddictEntityFrameworkCoreTokenStore`5.PruneAsync(DateTimeOffset threshold, CancellationToken cancellationToken)
   at OpenIddict.Core.OpenIddictTokenManager`1.PruneAsync(DateTimeOffset threshold, CancellationToken cancellationToken)
   at OpenIddict.Core.OpenIddictTokenManager`1.OpenIddict.Abstractions.IOpenIddictTokenManager.PruneAsync(DateTimeOffset threshold, CancellationToken cancellationToken)
   at OpenIddict.Quartz.OpenIddictQuartzJob.Execute(IJobExecutionContext context)
   --- End of inner exception stack trace ---
 ---> (Inner Exception #1) System.MissingMethodException: Method not found: 'System.Threading.Tasks.Task`1<Int32> Microsoft.EntityFrameworkCore.RelationalQueryableExtensions.ExecuteDeleteAsync(System.Linq.IQueryable`1<!!0>, System.Threading.CancellationToken)'.
   at OpenIddict.EntityFrameworkCore.OpenIddictEntityFrameworkCoreAuthorizationStore`5.PruneAsync(DateTimeOffset threshold, CancellationToken cancellationToken)
   at System.Runtime.CompilerServices.AsyncMethodBuilderCore.Start[TStateMachine](TStateMachine& stateMachine)
   at OpenIddict.EntityFrameworkCore.OpenIddictEntityFrameworkCoreAuthorizationStore`5.PruneAsync(DateTimeOffset threshold, CancellationToken cancellationToken)
   at OpenIddict.Core.OpenIddictAuthorizationManager`1.PruneAsync(DateTimeOffset threshold, CancellationToken cancellationToken)
   at OpenIddict.Core.OpenIddictAuthorizationManager`1.OpenIddict.Abstractions.IOpenIddictAuthorizationManager.PruneAsync(DateTimeOffset threshold, CancellationToken cancellationToken)
   at OpenIddict.Quartz.OpenIddictQuartzJob.Execute(IJobExecutionContext context)<---
]
2025-03-19T13:15:59.0178422-04:00  [ERR] Job OpenIddict/Quartz.NET integration.OpenIddict job threw a JobExecutionException:  (f1c848c9)
Parameters: refire = True, unscheduleFiringTrigger = False, unscheduleAllTriggers = False 
 Quartz.JobExecutionException: One or more errors occurred. (Method not found: 'System.Threading.Tasks.Task`1<Int32> Microsoft.EntityFrameworkCore.RelationalQueryableExtensions.ExecuteDeleteAsync(System.Linq.IQueryable`1<!!0>, System.Threading.CancellationToken)'.) (Method not found: 'System.Threading.Tasks.Task`1<Int32> Microsoft.EntityFrameworkCore.RelationalQueryableExtensions.ExecuteDeleteAsync(System.Linq.IQueryable`1<!!0>, System.Threading.CancellationToken)'.)
 ---> System.AggregateException: One or more errors occurred. (Method not found: 'System.Threading.Tasks.Task`1<Int32> Microsoft.EntityFrameworkCore.RelationalQueryableExtensions.ExecuteDeleteAsync(System.Linq.IQueryable`1<!!0>, System.Threading.CancellationToken)'.) (Method not found: 'System.Threading.Tasks.Task`1<Int32> Microsoft.EntityFrameworkCore.RelationalQueryableExtensions.ExecuteDeleteAsync(System.Linq.IQueryable`1<!!0>, System.Threading.CancellationToken)'.)
 ---> System.MissingMethodException: Method not found: 'System.Threading.Tasks.Task`1<Int32> Microsoft.EntityFrameworkCore.RelationalQueryableExtensions.ExecuteDeleteAsync(System.Linq.IQueryable`1<!!0>, System.Threading.CancellationToken)'.
   at OpenIddict.EntityFrameworkCore.OpenIddictEntityFrameworkCoreTokenStore`5.PruneAsync(DateTimeOffset threshold, CancellationToken cancellationToken)
   at System.Runtime.CompilerServices.AsyncMethodBuilderCore.Start[TStateMachine](TStateMachine& stateMachine)
   at OpenIddict.EntityFrameworkCore.OpenIddictEntityFrameworkCoreTokenStore`5.PruneAsync(DateTimeOffset threshold, CancellationToken cancellationToken)
   at OpenIddict.Core.OpenIddictTokenManager`1.PruneAsync(DateTimeOffset threshold, CancellationToken cancellationToken)
   at OpenIddict.Core.OpenIddictTokenManager`1.OpenIddict.Abstractions.IOpenIddictTokenManager.PruneAsync(DateTimeOffset threshold, CancellationToken cancellationToken)
   at OpenIddict.Quartz.OpenIddictQuartzJob.Execute(IJobExecutionContext context)
   --- End of inner exception stack trace ---
 ---> (Inner Exception #1) System.MissingMethodException: Method not found: 'System.Threading.Tasks.Task`1<Int32> Microsoft.EntityFrameworkCore.RelationalQueryableExtensions.ExecuteDeleteAsync(System.Linq.IQueryable`1<!!0>, System.Threading.CancellationToken)'.
   at OpenIddict.EntityFrameworkCore.OpenIddictEntityFrameworkCoreAuthorizationStore`5.PruneAsync(DateTimeOffset threshold, CancellationToken cancellationToken)
   at System.Runtime.CompilerServices.AsyncMethodBuilderCore.Start[TStateMachine](TStateMachine& stateMachine)
   at OpenIddict.EntityFrameworkCore.OpenIddictEntityFrameworkCoreAuthorizationStore`5.PruneAsync(DateTimeOffset threshold, CancellationToken cancellationToken)
   at OpenIddict.Core.OpenIddictAuthorizationManager`1.PruneAsync(DateTimeOffset threshold, CancellationToken cancellationToken)
   at OpenIddict.Core.OpenIddictAuthorizationManager`1.OpenIddict.Abstractions.IOpenIddictAuthorizationManager.PruneAsync(DateTimeOffset threshold, CancellationToken cancellationToken)
   at OpenIddict.Quartz.OpenIddictQuartzJob.Execute(IJobExecutionContext context)<---

   --- End of inner exception stack trace ---
   at OpenIddict.Quartz.OpenIddictQuartzJob.Execute(IJobExecutionContext context)
   at OpenIddict.Quartz.OpenIddictQuartzJob.Execute(IJobExecutionContext context)
   at Quartz.Core.JobRunShell.Run(CancellationToken cancellationToken) [See nested exception: System.AggregateException: One or more errors occurred. (Method not found: 'System.Threading.Tasks.Task`1<Int32> Microsoft.EntityFrameworkCore.RelationalQueryableExtensions.ExecuteDeleteAsync(System.Linq.IQueryable`1<!!0>, System.Threading.CancellationToken)'.) (Method not found: 'System.Threading.Tasks.Task`1<Int32> Microsoft.EntityFrameworkCore.RelationalQueryableExtensions.ExecuteDeleteAsync(System.Linq.IQueryable`1<!!0>, System.Threading.CancellationToken)'.)
 ---> System.MissingMethodException: Method not found: 'System.Threading.Tasks.Task`1<Int32> Microsoft.EntityFrameworkCore.RelationalQueryableExtensions.ExecuteDeleteAsync(System.Linq.IQueryable`1<!!0>, System.Threading.CancellationToken)'.
   at OpenIddict.EntityFrameworkCore.OpenIddictEntityFrameworkCoreTokenStore`5.PruneAsync(DateTimeOffset threshold, CancellationToken cancellationToken)
   at System.Runtime.CompilerServices.AsyncMethodBuilderCore.Start[TStateMachine](TStateMachine& stateMachine)
   at OpenIddict.EntityFrameworkCore.OpenIddictEntityFrameworkCoreTokenStore`5.PruneAsync(DateTimeOffset threshold, CancellationToken cancellationToken)
   at OpenIddict.Core.OpenIddictTokenManager`1.PruneAsync(DateTimeOffset threshold, CancellationToken cancellationToken)
   at OpenIddict.Core.OpenIddictTokenManager`1.OpenIddict.Abstractions.IOpenIddictTokenManager.PruneAsync(DateTimeOffset threshold, CancellationToken cancellationToken)
   at OpenIddict.Quartz.OpenIddictQuartzJob.Execute(IJobExecutionContext context)
   --- End of inner exception stack trace ---
 ---> (Inner Exception #1) System.MissingMethodException: Method not found: 'System.Threading.Tasks.Task`1<Int32> Microsoft.EntityFrameworkCore.RelationalQueryableExtensions.ExecuteDeleteAsync(System.Linq.IQueryable`1<!!0>, System.Threading.CancellationToken)'.
   at OpenIddict.EntityFrameworkCore.OpenIddictEntityFrameworkCoreAuthorizationStore`5.PruneAsync(DateTimeOffset threshold, CancellationToken cancellationToken)
   at System.Runtime.CompilerServices.AsyncMethodBuilderCore.Start[TStateMachine](TStateMachine& stateMachine)
   at OpenIddict.EntityFrameworkCore.OpenIddictEntityFrameworkCoreAuthorizationStore`5.PruneAsync(DateTimeOffset threshold, CancellationToken cancellationToken)
   at OpenIddict.Core.OpenIddictAuthorizationManager`1.PruneAsync(DateTimeOffset threshold, CancellationToken cancellationToken)
   at OpenIddict.Core.OpenIddictAuthorizationManager`1.OpenIddict.Abstractions.IOpenIddictAuthorizationManager.PruneAsync(DateTimeOffset threshold, CancellationToken cancellationToken)
   at OpenIddict.Quartz.OpenIddictQuartzJob.Execute(IJobExecutionContext context)<---
]
2025-03-19T13:15:59.0431183-04:00  [ERR] Job OpenIddict/Quartz.NET integration.OpenIddict job threw a JobExecutionException:  (f1c848c9)
Parameters: refire = False, unscheduleFiringTrigger = False, unscheduleAllTriggers = False 
 Quartz.JobExecutionException: One or more errors occurred. (Method not found: 'System.Threading.Tasks.Task`1<Int32> Microsoft.EntityFrameworkCore.RelationalQueryableExtensions.ExecuteDeleteAsync(System.Linq.IQueryable`1<!!0>, System.Threading.CancellationToken)'.) (Method not found: 'System.Threading.Tasks.Task`1<Int32> Microsoft.EntityFrameworkCore.RelationalQueryableExtensions.ExecuteDeleteAsync(System.Linq.IQueryable`1<!!0>, System.Threading.CancellationToken)'.)
 ---> System.AggregateException: One or more errors occurred. (Method not found: 'System.Threading.Tasks.Task`1<Int32> Microsoft.EntityFrameworkCore.RelationalQueryableExtensions.ExecuteDeleteAsync(System.Linq.IQueryable`1<!!0>, System.Threading.CancellationToken)'.) (Method not found: 'System.Threading.Tasks.Task`1<Int32> Microsoft.EntityFrameworkCore.RelationalQueryableExtensions.ExecuteDeleteAsync(System.Linq.IQueryable`1<!!0>, System.Threading.CancellationToken)'.)
 ---> System.MissingMethodException: Method not found: 'System.Threading.Tasks.Task`1<Int32> Microsoft.EntityFrameworkCore.RelationalQueryableExtensions.ExecuteDeleteAsync(System.Linq.IQueryable`1<!!0>, System.Threading.CancellationToken)'.
   at OpenIddict.EntityFrameworkCore.OpenIddictEntityFrameworkCoreTokenStore`5.PruneAsync(DateTimeOffset threshold, CancellationToken cancellationToken)
   at System.Runtime.CompilerServices.AsyncMethodBuilderCore.Start[TStateMachine](TStateMachine& stateMachine)
   at OpenIddict.EntityFrameworkCore.OpenIddictEntityFrameworkCoreTokenStore`5.PruneAsync(DateTimeOffset threshold, CancellationToken cancellationToken)
   at OpenIddict.Core.OpenIddictTokenManager`1.PruneAsync(DateTimeOffset threshold, CancellationToken cancellationToken)
   at OpenIddict.Core.OpenIddictTokenManager`1.OpenIddict.Abstractions.IOpenIddictTokenManager.PruneAsync(DateTimeOffset threshold, CancellationToken cancellationToken)
   at OpenIddict.Quartz.OpenIddictQuartzJob.Execute(IJobExecutionContext context)
   --- End of inner exception stack trace ---
 ---> (Inner Exception #1) System.MissingMethodException: Method not found: 'System.Threading.Tasks.Task`1<Int32> Microsoft.EntityFrameworkCore.RelationalQueryableExtensions.ExecuteDeleteAsync(System.Linq.IQueryable`1<!!0>, System.Threading.CancellationToken)'.
   at OpenIddict.EntityFrameworkCore.OpenIddictEntityFrameworkCoreAuthorizationStore`5.PruneAsync(DateTimeOffset threshold, CancellationToken cancellationToken)
   at System.Runtime.CompilerServices.AsyncMethodBuilderCore.Start[TStateMachine](TStateMachine& stateMachine)
   at OpenIddict.EntityFrameworkCore.OpenIddictEntityFrameworkCoreAuthorizationStore`5.PruneAsync(DateTimeOffset threshold, CancellationToken cancellationToken)
   at OpenIddict.Core.OpenIddictAuthorizationManager`1.PruneAsync(DateTimeOffset threshold, CancellationToken cancellationToken)
   at OpenIddict.Core.OpenIddictAuthorizationManager`1.OpenIddict.Abstractions.IOpenIddictAuthorizationManager.PruneAsync(DateTimeOffset threshold, CancellationToken cancellationToken)
   at OpenIddict.Quartz.OpenIddictQuartzJob.Execute(IJobExecutionContext context)<---

   --- End of inner exception stack trace ---
   at OpenIddict.Quartz.OpenIddictQuartzJob.Execute(IJobExecutionContext context)
   at OpenIddict.Quartz.OpenIddictQuartzJob.Execute(IJobExecutionContext context)
   at Quartz.Core.JobRunShell.Run(CancellationToken cancellationToken) [See nested exception: System.AggregateException: One or more errors occurred. (Method not found: 'System.Threading.Tasks.Task`1<Int32> Microsoft.EntityFrameworkCore.RelationalQueryableExtensions.ExecuteDeleteAsync(System.Linq.IQueryable`1<!!0>, System.Threading.CancellationToken)'.) (Method not found: 'System.Threading.Tasks.Task`1<Int32> Microsoft.EntityFrameworkCore.RelationalQueryableExtensions.ExecuteDeleteAsync(System.Linq.IQueryable`1<!!0>, System.Threading.CancellationToken)'.)
 ---> System.MissingMethodException: Method not found: 'System.Threading.Tasks.Task`1<Int32> Microsoft.EntityFrameworkCore.RelationalQueryableExtensions.ExecuteDeleteAsync(System.Linq.IQueryable`1<!!0>, System.Threading.CancellationToken)'.
   at OpenIddict.EntityFrameworkCore.OpenIddictEntityFrameworkCoreTokenStore`5.PruneAsync(DateTimeOffset threshold, CancellationToken cancellationToken)
   at System.Runtime.CompilerServices.AsyncMethodBuilderCore.Start[TStateMachine](TStateMachine& stateMachine)
   at OpenIddict.EntityFrameworkCore.OpenIddictEntityFrameworkCoreTokenStore`5.PruneAsync(DateTimeOffset threshold, CancellationToken cancellationToken)
   at OpenIddict.Core.OpenIddictTokenManager`1.PruneAsync(DateTimeOffset threshold, CancellationToken cancellationToken)
   at OpenIddict.Core.OpenIddictTokenManager`1.OpenIddict.Abstractions.IOpenIddictTokenManager.PruneAsync(DateTimeOffset threshold, CancellationToken cancellationToken)
   at OpenIddict.Quartz.OpenIddictQuartzJob.Execute(IJobExecutionContext context)
   --- End of inner exception stack trace ---
 ---> (Inner Exception #1) System.MissingMethodException: Method not found: 'System.Threading.Tasks.Task`1<Int32> Microsoft.EntityFrameworkCore.RelationalQueryableExtensions.ExecuteDeleteAsync(System.Linq.IQueryable`1<!!0>, System.Threading.CancellationToken)'.
   at OpenIddict.EntityFrameworkCore.OpenIddictEntityFrameworkCoreAuthorizationStore`5.PruneAsync(DateTimeOffset threshold, CancellationToken cancellationToken)
   at System.Runtime.CompilerServices.AsyncMethodBuilderCore.Start[TStateMachine](TStateMachine& stateMachine)
   at OpenIddict.EntityFrameworkCore.OpenIddictEntityFrameworkCoreAuthorizationStore`5.PruneAsync(DateTimeOffset threshold, CancellationToken cancellationToken)
   at OpenIddict.Core.OpenIddictAuthorizationManager`1.PruneAsync(DateTimeOffset threshold, CancellationToken cancellationToken)
   at OpenIddict.Core.OpenIddictAuthorizationManager`1.OpenIddict.Abstractions.IOpenIddictAuthorizationManager.PruneAsync(DateTimeOffset threshold, CancellationToken cancellationToken)
   at OpenIddict.Quartz.OpenIddictQuartzJob.Execute(IJobExecutionContext context)<---
]
