2025-02-19T15:30:17.2582687-05:00  [WRN] The WebRootPath was not found: "C:\local Source\SubletUC\SubletUC\SubletUC.Server\wwwroot". Static files may be unavailable. (3ae2c740)
2025-02-19T15:30:17.3055225-05:00  [WRN] The WebRootPath was not found: "C:\local Source\SubletUC\SubletUC\SubletUC.Server\wwwroot". Static files may be unavailable. (3ae2c740)
2025-02-19T15:30:18.7007784-05:00  [INF] Executed DbCommand ("14"ms) [Parameters=[""], CommandType='Text', CommandTimeout='30']"
""SELECT 1" (0723d8ff)
2025-02-19T15:30:18.7080083-05:00  [INF] Acquiring an exclusive lock for migration application. See https://aka.ms/efcore-docs-migrations-lock for more information if this takes too long. (a4825afd)
2025-02-19T15:30:18.7278165-05:00  [INF] Executed DbCommand ("18"ms) [Parameters=[""], CommandType='Text', CommandTimeout='30']"
""DECLARE @result int;
EXEC @result = sp_getapplock @Resource = '__EFMigrationsLock', @LockOwner = 'Session', @LockMode = 'Exclusive';
SELECT @result" (0723d8ff)
2025-02-19T15:30:18.7637016-05:00  [INF] Executed DbCommand ("1"ms) [Parameters=[""], CommandType='Text', CommandTimeout='30']"
""IF OBJECT_ID(N'[__EFMigrationsHistory]') IS NULL
BEGIN
    CREATE TABLE [__EFMigrationsHistory] (
        [MigrationId] nvarchar(150) NOT NULL,
        [ProductVersion] nvarchar(32) NOT NULL,
        CONSTRAINT [PK___EFMigrationsHistory] PRIMARY KEY ([MigrationId])
    );
END;" (0723d8ff)
2025-02-19T15:30:18.7737071-05:00  [INF] Executed DbCommand ("0"ms) [Parameters=[""], CommandType='Text', CommandTimeout='30']"
""SELECT 1" (0723d8ff)
2025-02-19T15:30:18.7744937-05:00  [INF] Executed DbCommand ("0"ms) [Parameters=[""], CommandType='Text', CommandTimeout='30']"
""SELECT OBJECT_ID(N'[__EFMigrationsHistory]');" (0723d8ff)
2025-02-19T15:30:18.7783373-05:00  [INF] Executed DbCommand ("2"ms) [Parameters=[""], CommandType='Text', CommandTimeout='30']"
""SELECT [MigrationId], [ProductVersion]
FROM [__EFMigrationsHistory]
ORDER BY [MigrationId];" (0723d8ff)
2025-02-19T15:30:18.7866969-05:00  [INF] No migrations were applied. The database is already up to date. (503cba9d)
2025-02-19T15:30:18.7925111-05:00  [INF] Executed DbCommand ("2"ms) [Parameters=[""], CommandType='Text', CommandTimeout='30']"
""DECLARE @result int;
EXEC @result = sp_releaseapplock @Resource = '__EFMigrationsLock', @LockOwner = 'Session';
SELECT @result" (0723d8ff)
2025-02-19T15:30:18.9211376-05:00  [INF] Executed DbCommand ("2"ms) [Parameters=[""], CommandType='Text', CommandTimeout='30']"
""SELECT CASE
    WHEN EXISTS (
        SELECT 1
        FROM [AspNetUsers] AS [a]) THEN CAST(1 AS bit)
    ELSE CAST(0 AS bit)
END" (0723d8ff)
2025-02-19T15:30:18.9266957-05:00  [INF] Executed DbCommand ("1"ms) [Parameters=[""], CommandType='Text', CommandTimeout='30']"
""SELECT CASE
    WHEN EXISTS (
        SELECT 1
        FROM [AppCustomers] AS [a]) THEN CAST(1 AS bit)
    ELSE CAST(0 AS bit)
END" (0723d8ff)
2025-02-19T15:30:18.9933940-05:00  [INF] Executed DbCommand ("8"ms) [Parameters=["@__identifier_0='?' (Size = 100)"], CommandType='Text', CommandTimeout='30']"
""SELECT TOP(1) [o].[Id], [o].[ApplicationType], [o].[ClientId], [o].[ClientSecret], [o].[ClientType], [o].[ConcurrencyToken], [o].[ConsentType], [o].[DisplayName], [o].[DisplayNames], [o].[JsonWebKeySet], [o].[Permissions], [o].[PostLogoutRedirectUris], [o].[Properties], [o].[RedirectUris], [o].[Requirements], [o].[Settings]
FROM [OpenIddictApplications] AS [o]
WHERE [o].[ClientId] = @__identifier_0" (0723d8ff)
2025-02-19T15:30:19.0433761-05:00  [INF] Executed DbCommand ("0"ms) [Parameters=["@__identifier_0='?' (Size = 100)"], CommandType='Text', CommandTimeout='30']"
""SELECT TOP(1) [o].[Id], [o].[ApplicationType], [o].[ClientId], [o].[ClientSecret], [o].[ClientType], [o].[ConcurrencyToken], [o].[ConsentType], [o].[DisplayName], [o].[DisplayNames], [o].[JsonWebKeySet], [o].[Permissions], [o].[PostLogoutRedirectUris], [o].[Properties], [o].[RedirectUris], [o].[Requirements], [o].[Settings]
FROM [OpenIddictApplications] AS [o]
WHERE [o].[ClientId] = @__identifier_0" (0723d8ff)
2025-02-19T15:30:19.0946374-05:00  [INF] Initialized Scheduler Signaller of type: Quartz.Core.SchedulerSignalerImpl (d6ab0d5f)
2025-02-19T15:30:19.0947967-05:00  [INF] Quartz Scheduler created (389d80b0)
2025-02-19T15:30:19.0949677-05:00  [INF] JobFactory set to: Quartz.Simpl.MicrosoftDependencyInjectionJobFactory (17471663)
2025-02-19T15:30:19.0950992-05:00  [INF] RAMJobStore initialized. (8c5a21db)
2025-02-19T15:30:19.0952872-05:00  [INF] Quartz Scheduler 3.13.1.0 - 'QuartzScheduler' with instanceId 'NON_CLUSTERED' initialized (70e8852b)
2025-02-19T15:30:19.0953723-05:00  [INF] Using thread pool 'Quartz.Simpl.DefaultThreadPool', size: 10 (7942d54d)
2025-02-19T15:30:19.0954740-05:00  [INF] Using job store 'Quartz.Simpl.RAMJobStore', supports persistence: False, clustered: False (46d3fae1)
2025-02-19T15:30:19.1705669-05:00  [INF] Now listening on: "http://localhost:5225" (d826f4b8)
2025-02-19T15:30:19.1709946-05:00  [INF] Application started. Press Ctrl+C to shut down. (dcaefe54)
2025-02-19T15:30:19.1711491-05:00  [INF] Hosting environment: "Development" (bc5a1a4e)
2025-02-19T15:30:19.1711736-05:00  [INF] Content root path: "C:\local Source\SubletUC\SubletUC\SubletUC.Server" (cc26f24e)
2025-02-19T15:30:19.1728887-05:00  [INF] Scheduler QuartzScheduler_$_NON_CLUSTERED started. (51b2cfb9)
2025-02-19T15:34:19.1099572-05:00  [ERR] Job OpenIddict/Quartz.NET integration.OpenIddict job threw a JobExecutionException:  (f1c848c9)
Parameters: refire = True, unscheduleFiringTrigger = False, unscheduleAllTriggers = False 
 Quartz.JobExecutionException: One or more errors occurred. (Method not found: 'System.Threading.Tasks.Task`1<Int32> Microsoft.EntityFrameworkCore.RelationalQueryableExtensions.ExecuteDeleteAsync(System.Linq.IQueryable`1<!!0>, System.Threading.CancellationToken)'.) (Method not found: 'System.Threading.Tasks.Task`1<Int32> Microsoft.EntityFrameworkCore.RelationalQueryableExtensions.ExecuteDeleteAsync(System.Linq.IQueryable`1<!!0>, System.Threading.CancellationToken)'.)
 ---> System.AggregateException: One or more errors occurred. (Method not found: 'System.Threading.Tasks.Task`1<Int32> Microsoft.EntityFrameworkCore.RelationalQueryableExtensions.ExecuteDeleteAsync(System.Linq.IQueryable`1<!!0>, System.Threading.CancellationToken)'.) (Method not found: 'System.Threading.Tasks.Task`1<Int32> Microsoft.EntityFrameworkCore.RelationalQueryableExtensions.ExecuteDeleteAsync(System.Linq.IQueryable`1<!!0>, System.Threading.CancellationToken)'.)
 ---> System.MissingMethodException: Method not found: 'System.Threading.Tasks.Task`1<Int32> Microsoft.EntityFrameworkCore.RelationalQueryableExtensions.ExecuteDeleteAsync(System.Linq.IQueryable`1<!!0>, System.Threading.CancellationToken)'.
   at OpenIddict.EntityFrameworkCore.OpenIddictEntityFrameworkCoreTokenStore`5.PruneAsync(DateTimeOffset threshold, CancellationToken cancellationToken)
   at System.Runtime.CompilerServices.AsyncMethodBuilderCore.Start[TStateMachine](TStateMachine& stateMachine)
   at OpenIddict.EntityFrameworkCore.OpenIddictEntityFrameworkCoreTokenStore`5.PruneAsync(DateTimeOffset threshold, CancellationToken cancellationToken)
   at OpenIddict.Core.OpenIddictTokenManager`1.PruneAsync(DateTimeOffset threshold, CancellationToken cancellationToken)
   at OpenIddict.Core.OpenIddictTokenManager`1.OpenIddict.Abstractions.IOpenIddictTokenManager.PruneAsync(DateTimeOffset threshold, CancellationToken cancellationToken)
   at OpenIddict.Quartz.OpenIddictQuartzJob.Execute(IJobExecutionContext context)
   --- End of inner exception stack trace ---
 ---> (Inner Exception #1) System.MissingMethodException: Method not found: 'System.Threading.Tasks.Task`1<Int32> Microsoft.EntityFrameworkCore.RelationalQueryableExtensions.ExecuteDeleteAsync(System.Linq.IQueryable`1<!!0>, System.Threading.CancellationToken)'.
   at OpenIddict.EntityFrameworkCore.OpenIddictEntityFrameworkCoreAuthorizationStore`5.PruneAsync(DateTimeOffset threshold, CancellationToken cancellationToken)
   at System.Runtime.CompilerServices.AsyncMethodBuilderCore.Start[TStateMachine](TStateMachine& stateMachine)
   at OpenIddict.EntityFrameworkCore.OpenIddictEntityFrameworkCoreAuthorizationStore`5.PruneAsync(DateTimeOffset threshold, CancellationToken cancellationToken)
   at OpenIddict.Core.OpenIddictAuthorizationManager`1.PruneAsync(DateTimeOffset threshold, CancellationToken cancellationToken)
   at OpenIddict.Core.OpenIddictAuthorizationManager`1.OpenIddict.Abstractions.IOpenIddictAuthorizationManager.PruneAsync(DateTimeOffset threshold, CancellationToken cancellationToken)
   at OpenIddict.Quartz.OpenIddictQuartzJob.Execute(IJobExecutionContext context)<---

   --- End of inner exception stack trace ---
   at OpenIddict.Quartz.OpenIddictQuartzJob.Execute(IJobExecutionContext context)
   at OpenIddict.Quartz.OpenIddictQuartzJob.Execute(IJobExecutionContext context)
   at Quartz.Core.JobRunShell.Run(CancellationToken cancellationToken) [See nested exception: System.AggregateException: One or more errors occurred. (Method not found: 'System.Threading.Tasks.Task`1<Int32> Microsoft.EntityFrameworkCore.RelationalQueryableExtensions.ExecuteDeleteAsync(System.Linq.IQueryable`1<!!0>, System.Threading.CancellationToken)'.) (Method not found: 'System.Threading.Tasks.Task`1<Int32> Microsoft.EntityFrameworkCore.RelationalQueryableExtensions.ExecuteDeleteAsync(System.Linq.IQueryable`1<!!0>, System.Threading.CancellationToken)'.)
 ---> System.MissingMethodException: Method not found: 'System.Threading.Tasks.Task`1<Int32> Microsoft.EntityFrameworkCore.RelationalQueryableExtensions.ExecuteDeleteAsync(System.Linq.IQueryable`1<!!0>, System.Threading.CancellationToken)'.
   at OpenIddict.EntityFrameworkCore.OpenIddictEntityFrameworkCoreTokenStore`5.PruneAsync(DateTimeOffset threshold, CancellationToken cancellationToken)
   at System.Runtime.CompilerServices.AsyncMethodBuilderCore.Start[TStateMachine](TStateMachine& stateMachine)
   at OpenIddict.EntityFrameworkCore.OpenIddictEntityFrameworkCoreTokenStore`5.PruneAsync(DateTimeOffset threshold, CancellationToken cancellationToken)
   at OpenIddict.Core.OpenIddictTokenManager`1.PruneAsync(DateTimeOffset threshold, CancellationToken cancellationToken)
   at OpenIddict.Core.OpenIddictTokenManager`1.OpenIddict.Abstractions.IOpenIddictTokenManager.PruneAsync(DateTimeOffset threshold, CancellationToken cancellationToken)
   at OpenIddict.Quartz.OpenIddictQuartzJob.Execute(IJobExecutionContext context)
   --- End of inner exception stack trace ---
 ---> (Inner Exception #1) System.MissingMethodException: Method not found: 'System.Threading.Tasks.Task`1<Int32> Microsoft.EntityFrameworkCore.RelationalQueryableExtensions.ExecuteDeleteAsync(System.Linq.IQueryable`1<!!0>, System.Threading.CancellationToken)'.
   at OpenIddict.EntityFrameworkCore.OpenIddictEntityFrameworkCoreAuthorizationStore`5.PruneAsync(DateTimeOffset threshold, CancellationToken cancellationToken)
   at System.Runtime.CompilerServices.AsyncMethodBuilderCore.Start[TStateMachine](TStateMachine& stateMachine)
   at OpenIddict.EntityFrameworkCore.OpenIddictEntityFrameworkCoreAuthorizationStore`5.PruneAsync(DateTimeOffset threshold, CancellationToken cancellationToken)
   at OpenIddict.Core.OpenIddictAuthorizationManager`1.PruneAsync(DateTimeOffset threshold, CancellationToken cancellationToken)
   at OpenIddict.Core.OpenIddictAuthorizationManager`1.OpenIddict.Abstractions.IOpenIddictAuthorizationManager.PruneAsync(DateTimeOffset threshold, CancellationToken cancellationToken)
   at OpenIddict.Quartz.OpenIddictQuartzJob.Execute(IJobExecutionContext context)<---
]
2025-02-19T15:34:19.1169172-05:00  [ERR] Job OpenIddict/Quartz.NET integration.OpenIddict job threw a JobExecutionException:  (f1c848c9)
Parameters: refire = True, unscheduleFiringTrigger = False, unscheduleAllTriggers = False 
 Quartz.JobExecutionException: One or more errors occurred. (Method not found: 'System.Threading.Tasks.Task`1<Int32> Microsoft.EntityFrameworkCore.RelationalQueryableExtensions.ExecuteDeleteAsync(System.Linq.IQueryable`1<!!0>, System.Threading.CancellationToken)'.) (Method not found: 'System.Threading.Tasks.Task`1<Int32> Microsoft.EntityFrameworkCore.RelationalQueryableExtensions.ExecuteDeleteAsync(System.Linq.IQueryable`1<!!0>, System.Threading.CancellationToken)'.)
 ---> System.AggregateException: One or more errors occurred. (Method not found: 'System.Threading.Tasks.Task`1<Int32> Microsoft.EntityFrameworkCore.RelationalQueryableExtensions.ExecuteDeleteAsync(System.Linq.IQueryable`1<!!0>, System.Threading.CancellationToken)'.) (Method not found: 'System.Threading.Tasks.Task`1<Int32> Microsoft.EntityFrameworkCore.RelationalQueryableExtensions.ExecuteDeleteAsync(System.Linq.IQueryable`1<!!0>, System.Threading.CancellationToken)'.)
 ---> System.MissingMethodException: Method not found: 'System.Threading.Tasks.Task`1<Int32> Microsoft.EntityFrameworkCore.RelationalQueryableExtensions.ExecuteDeleteAsync(System.Linq.IQueryable`1<!!0>, System.Threading.CancellationToken)'.
   at OpenIddict.EntityFrameworkCore.OpenIddictEntityFrameworkCoreTokenStore`5.PruneAsync(DateTimeOffset threshold, CancellationToken cancellationToken)
   at System.Runtime.CompilerServices.AsyncMethodBuilderCore.Start[TStateMachine](TStateMachine& stateMachine)
   at OpenIddict.EntityFrameworkCore.OpenIddictEntityFrameworkCoreTokenStore`5.PruneAsync(DateTimeOffset threshold, CancellationToken cancellationToken)
   at OpenIddict.Core.OpenIddictTokenManager`1.PruneAsync(DateTimeOffset threshold, CancellationToken cancellationToken)
   at OpenIddict.Core.OpenIddictTokenManager`1.OpenIddict.Abstractions.IOpenIddictTokenManager.PruneAsync(DateTimeOffset threshold, CancellationToken cancellationToken)
   at OpenIddict.Quartz.OpenIddictQuartzJob.Execute(IJobExecutionContext context)
   --- End of inner exception stack trace ---
 ---> (Inner Exception #1) System.MissingMethodException: Method not found: 'System.Threading.Tasks.Task`1<Int32> Microsoft.EntityFrameworkCore.RelationalQueryableExtensions.ExecuteDeleteAsync(System.Linq.IQueryable`1<!!0>, System.Threading.CancellationToken)'.
   at OpenIddict.EntityFrameworkCore.OpenIddictEntityFrameworkCoreAuthorizationStore`5.PruneAsync(DateTimeOffset threshold, CancellationToken cancellationToken)
   at System.Runtime.CompilerServices.AsyncMethodBuilderCore.Start[TStateMachine](TStateMachine& stateMachine)
   at OpenIddict.EntityFrameworkCore.OpenIddictEntityFrameworkCoreAuthorizationStore`5.PruneAsync(DateTimeOffset threshold, CancellationToken cancellationToken)
   at OpenIddict.Core.OpenIddictAuthorizationManager`1.PruneAsync(DateTimeOffset threshold, CancellationToken cancellationToken)
   at OpenIddict.Core.OpenIddictAuthorizationManager`1.OpenIddict.Abstractions.IOpenIddictAuthorizationManager.PruneAsync(DateTimeOffset threshold, CancellationToken cancellationToken)
   at OpenIddict.Quartz.OpenIddictQuartzJob.Execute(IJobExecutionContext context)<---

   --- End of inner exception stack trace ---
   at OpenIddict.Quartz.OpenIddictQuartzJob.Execute(IJobExecutionContext context)
   at OpenIddict.Quartz.OpenIddictQuartzJob.Execute(IJobExecutionContext context)
   at Quartz.Core.JobRunShell.Run(CancellationToken cancellationToken) [See nested exception: System.AggregateException: One or more errors occurred. (Method not found: 'System.Threading.Tasks.Task`1<Int32> Microsoft.EntityFrameworkCore.RelationalQueryableExtensions.ExecuteDeleteAsync(System.Linq.IQueryable`1<!!0>, System.Threading.CancellationToken)'.) (Method not found: 'System.Threading.Tasks.Task`1<Int32> Microsoft.EntityFrameworkCore.RelationalQueryableExtensions.ExecuteDeleteAsync(System.Linq.IQueryable`1<!!0>, System.Threading.CancellationToken)'.)
 ---> System.MissingMethodException: Method not found: 'System.Threading.Tasks.Task`1<Int32> Microsoft.EntityFrameworkCore.RelationalQueryableExtensions.ExecuteDeleteAsync(System.Linq.IQueryable`1<!!0>, System.Threading.CancellationToken)'.
   at OpenIddict.EntityFrameworkCore.OpenIddictEntityFrameworkCoreTokenStore`5.PruneAsync(DateTimeOffset threshold, CancellationToken cancellationToken)
   at System.Runtime.CompilerServices.AsyncMethodBuilderCore.Start[TStateMachine](TStateMachine& stateMachine)
   at OpenIddict.EntityFrameworkCore.OpenIddictEntityFrameworkCoreTokenStore`5.PruneAsync(DateTimeOffset threshold, CancellationToken cancellationToken)
   at OpenIddict.Core.OpenIddictTokenManager`1.PruneAsync(DateTimeOffset threshold, CancellationToken cancellationToken)
   at OpenIddict.Core.OpenIddictTokenManager`1.OpenIddict.Abstractions.IOpenIddictTokenManager.PruneAsync(DateTimeOffset threshold, CancellationToken cancellationToken)
   at OpenIddict.Quartz.OpenIddictQuartzJob.Execute(IJobExecutionContext context)
   --- End of inner exception stack trace ---
 ---> (Inner Exception #1) System.MissingMethodException: Method not found: 'System.Threading.Tasks.Task`1<Int32> Microsoft.EntityFrameworkCore.RelationalQueryableExtensions.ExecuteDeleteAsync(System.Linq.IQueryable`1<!!0>, System.Threading.CancellationToken)'.
   at OpenIddict.EntityFrameworkCore.OpenIddictEntityFrameworkCoreAuthorizationStore`5.PruneAsync(DateTimeOffset threshold, CancellationToken cancellationToken)
   at System.Runtime.CompilerServices.AsyncMethodBuilderCore.Start[TStateMachine](TStateMachine& stateMachine)
   at OpenIddict.EntityFrameworkCore.OpenIddictEntityFrameworkCoreAuthorizationStore`5.PruneAsync(DateTimeOffset threshold, CancellationToken cancellationToken)
   at OpenIddict.Core.OpenIddictAuthorizationManager`1.PruneAsync(DateTimeOffset threshold, CancellationToken cancellationToken)
   at OpenIddict.Core.OpenIddictAuthorizationManager`1.OpenIddict.Abstractions.IOpenIddictAuthorizationManager.PruneAsync(DateTimeOffset threshold, CancellationToken cancellationToken)
   at OpenIddict.Quartz.OpenIddictQuartzJob.Execute(IJobExecutionContext context)<---
]
2025-02-19T15:34:19.1230819-05:00  [ERR] Job OpenIddict/Quartz.NET integration.OpenIddict job threw a JobExecutionException:  (f1c848c9)
Parameters: refire = False, unscheduleFiringTrigger = False, unscheduleAllTriggers = False 
 Quartz.JobExecutionException: One or more errors occurred. (Method not found: 'System.Threading.Tasks.Task`1<Int32> Microsoft.EntityFrameworkCore.RelationalQueryableExtensions.ExecuteDeleteAsync(System.Linq.IQueryable`1<!!0>, System.Threading.CancellationToken)'.) (Method not found: 'System.Threading.Tasks.Task`1<Int32> Microsoft.EntityFrameworkCore.RelationalQueryableExtensions.ExecuteDeleteAsync(System.Linq.IQueryable`1<!!0>, System.Threading.CancellationToken)'.)
 ---> System.AggregateException: One or more errors occurred. (Method not found: 'System.Threading.Tasks.Task`1<Int32> Microsoft.EntityFrameworkCore.RelationalQueryableExtensions.ExecuteDeleteAsync(System.Linq.IQueryable`1<!!0>, System.Threading.CancellationToken)'.) (Method not found: 'System.Threading.Tasks.Task`1<Int32> Microsoft.EntityFrameworkCore.RelationalQueryableExtensions.ExecuteDeleteAsync(System.Linq.IQueryable`1<!!0>, System.Threading.CancellationToken)'.)
 ---> System.MissingMethodException: Method not found: 'System.Threading.Tasks.Task`1<Int32> Microsoft.EntityFrameworkCore.RelationalQueryableExtensions.ExecuteDeleteAsync(System.Linq.IQueryable`1<!!0>, System.Threading.CancellationToken)'.
   at OpenIddict.EntityFrameworkCore.OpenIddictEntityFrameworkCoreTokenStore`5.PruneAsync(DateTimeOffset threshold, CancellationToken cancellationToken)
   at System.Runtime.CompilerServices.AsyncMethodBuilderCore.Start[TStateMachine](TStateMachine& stateMachine)
   at OpenIddict.EntityFrameworkCore.OpenIddictEntityFrameworkCoreTokenStore`5.PruneAsync(DateTimeOffset threshold, CancellationToken cancellationToken)
   at OpenIddict.Core.OpenIddictTokenManager`1.PruneAsync(DateTimeOffset threshold, CancellationToken cancellationToken)
   at OpenIddict.Core.OpenIddictTokenManager`1.OpenIddict.Abstractions.IOpenIddictTokenManager.PruneAsync(DateTimeOffset threshold, CancellationToken cancellationToken)
   at OpenIddict.Quartz.OpenIddictQuartzJob.Execute(IJobExecutionContext context)
   --- End of inner exception stack trace ---
 ---> (Inner Exception #1) System.MissingMethodException: Method not found: 'System.Threading.Tasks.Task`1<Int32> Microsoft.EntityFrameworkCore.RelationalQueryableExtensions.ExecuteDeleteAsync(System.Linq.IQueryable`1<!!0>, System.Threading.CancellationToken)'.
   at OpenIddict.EntityFrameworkCore.OpenIddictEntityFrameworkCoreAuthorizationStore`5.PruneAsync(DateTimeOffset threshold, CancellationToken cancellationToken)
   at System.Runtime.CompilerServices.AsyncMethodBuilderCore.Start[TStateMachine](TStateMachine& stateMachine)
   at OpenIddict.EntityFrameworkCore.OpenIddictEntityFrameworkCoreAuthorizationStore`5.PruneAsync(DateTimeOffset threshold, CancellationToken cancellationToken)
   at OpenIddict.Core.OpenIddictAuthorizationManager`1.PruneAsync(DateTimeOffset threshold, CancellationToken cancellationToken)
   at OpenIddict.Core.OpenIddictAuthorizationManager`1.OpenIddict.Abstractions.IOpenIddictAuthorizationManager.PruneAsync(DateTimeOffset threshold, CancellationToken cancellationToken)
   at OpenIddict.Quartz.OpenIddictQuartzJob.Execute(IJobExecutionContext context)<---

   --- End of inner exception stack trace ---
   at OpenIddict.Quartz.OpenIddictQuartzJob.Execute(IJobExecutionContext context)
   at OpenIddict.Quartz.OpenIddictQuartzJob.Execute(IJobExecutionContext context)
   at Quartz.Core.JobRunShell.Run(CancellationToken cancellationToken) [See nested exception: System.AggregateException: One or more errors occurred. (Method not found: 'System.Threading.Tasks.Task`1<Int32> Microsoft.EntityFrameworkCore.RelationalQueryableExtensions.ExecuteDeleteAsync(System.Linq.IQueryable`1<!!0>, System.Threading.CancellationToken)'.) (Method not found: 'System.Threading.Tasks.Task`1<Int32> Microsoft.EntityFrameworkCore.RelationalQueryableExtensions.ExecuteDeleteAsync(System.Linq.IQueryable`1<!!0>, System.Threading.CancellationToken)'.)
 ---> System.MissingMethodException: Method not found: 'System.Threading.Tasks.Task`1<Int32> Microsoft.EntityFrameworkCore.RelationalQueryableExtensions.ExecuteDeleteAsync(System.Linq.IQueryable`1<!!0>, System.Threading.CancellationToken)'.
   at OpenIddict.EntityFrameworkCore.OpenIddictEntityFrameworkCoreTokenStore`5.PruneAsync(DateTimeOffset threshold, CancellationToken cancellationToken)
   at System.Runtime.CompilerServices.AsyncMethodBuilderCore.Start[TStateMachine](TStateMachine& stateMachine)
   at OpenIddict.EntityFrameworkCore.OpenIddictEntityFrameworkCoreTokenStore`5.PruneAsync(DateTimeOffset threshold, CancellationToken cancellationToken)
   at OpenIddict.Core.OpenIddictTokenManager`1.PruneAsync(DateTimeOffset threshold, CancellationToken cancellationToken)
   at OpenIddict.Core.OpenIddictTokenManager`1.OpenIddict.Abstractions.IOpenIddictTokenManager.PruneAsync(DateTimeOffset threshold, CancellationToken cancellationToken)
   at OpenIddict.Quartz.OpenIddictQuartzJob.Execute(IJobExecutionContext context)
   --- End of inner exception stack trace ---
 ---> (Inner Exception #1) System.MissingMethodException: Method not found: 'System.Threading.Tasks.Task`1<Int32> Microsoft.EntityFrameworkCore.RelationalQueryableExtensions.ExecuteDeleteAsync(System.Linq.IQueryable`1<!!0>, System.Threading.CancellationToken)'.
   at OpenIddict.EntityFrameworkCore.OpenIddictEntityFrameworkCoreAuthorizationStore`5.PruneAsync(DateTimeOffset threshold, CancellationToken cancellationToken)
   at System.Runtime.CompilerServices.AsyncMethodBuilderCore.Start[TStateMachine](TStateMachine& stateMachine)
   at OpenIddict.EntityFrameworkCore.OpenIddictEntityFrameworkCoreAuthorizationStore`5.PruneAsync(DateTimeOffset threshold, CancellationToken cancellationToken)
   at OpenIddict.Core.OpenIddictAuthorizationManager`1.PruneAsync(DateTimeOffset threshold, CancellationToken cancellationToken)
   at OpenIddict.Core.OpenIddictAuthorizationManager`1.OpenIddict.Abstractions.IOpenIddictAuthorizationManager.PruneAsync(DateTimeOffset threshold, CancellationToken cancellationToken)
   at OpenIddict.Quartz.OpenIddictQuartzJob.Execute(IJobExecutionContext context)<---
]
2025-02-19T16:16:48.1832196-05:00  [INF] Application is shutting down... (90f52c38)
2025-02-19T16:16:48.1884524-05:00  [INF] Scheduler "QuartzScheduler_$_NON_CLUSTERED" shutting down. (cff05048)
2025-02-19T16:16:48.1888656-05:00  [INF] Scheduler QuartzScheduler_$_NON_CLUSTERED paused. (4b94edca)
2025-02-19T16:16:48.1910298-05:00  [INF] Scheduler QuartzScheduler_$_NON_CLUSTERED Shutdown complete. (0c25828c)
2025-02-19T16:16:53.3748208-05:00  [WRN] The WebRootPath was not found: "C:\local Source\SubletUC\SubletUC\SubletUC.Server\wwwroot". Static files may be unavailable. (3ae2c740)
2025-02-19T16:16:53.4172564-05:00  [WRN] The WebRootPath was not found: "C:\local Source\SubletUC\SubletUC\SubletUC.Server\wwwroot". Static files may be unavailable. (3ae2c740)
2025-02-19T16:16:54.6801812-05:00  [INF] Executed DbCommand ("13"ms) [Parameters=[""], CommandType='Text', CommandTimeout='30']"
""SELECT 1" (0723d8ff)
2025-02-19T16:16:54.6874337-05:00  [INF] Acquiring an exclusive lock for migration application. See https://aka.ms/efcore-docs-migrations-lock for more information if this takes too long. (a4825afd)
2025-02-19T16:16:54.7064330-05:00  [INF] Executed DbCommand ("17"ms) [Parameters=[""], CommandType='Text', CommandTimeout='30']"
""DECLARE @result int;
EXEC @result = sp_getapplock @Resource = '__EFMigrationsLock', @LockOwner = 'Session', @LockMode = 'Exclusive';
SELECT @result" (0723d8ff)
2025-02-19T16:16:54.7441941-05:00  [INF] Executed DbCommand ("1"ms) [Parameters=[""], CommandType='Text', CommandTimeout='30']"
""IF OBJECT_ID(N'[__EFMigrationsHistory]') IS NULL
BEGIN
    CREATE TABLE [__EFMigrationsHistory] (
        [MigrationId] nvarchar(150) NOT NULL,
        [ProductVersion] nvarchar(32) NOT NULL,
        CONSTRAINT [PK___EFMigrationsHistory] PRIMARY KEY ([MigrationId])
    );
END;" (0723d8ff)
2025-02-19T16:16:54.7534892-05:00  [INF] Executed DbCommand ("0"ms) [Parameters=[""], CommandType='Text', CommandTimeout='30']"
""SELECT 1" (0723d8ff)
2025-02-19T16:16:54.7542650-05:00  [INF] Executed DbCommand ("0"ms) [Parameters=[""], CommandType='Text', CommandTimeout='30']"
""SELECT OBJECT_ID(N'[__EFMigrationsHistory]');" (0723d8ff)
2025-02-19T16:16:54.7574964-05:00  [INF] Executed DbCommand ("1"ms) [Parameters=[""], CommandType='Text', CommandTimeout='30']"
""SELECT [MigrationId], [ProductVersion]
FROM [__EFMigrationsHistory]
ORDER BY [MigrationId];" (0723d8ff)
2025-02-19T16:16:54.7648086-05:00  [INF] No migrations were applied. The database is already up to date. (503cba9d)
2025-02-19T16:16:54.7708293-05:00  [INF] Executed DbCommand ("2"ms) [Parameters=[""], CommandType='Text', CommandTimeout='30']"
""DECLARE @result int;
EXEC @result = sp_releaseapplock @Resource = '__EFMigrationsLock', @LockOwner = 'Session';
SELECT @result" (0723d8ff)
2025-02-19T16:16:54.8895163-05:00  [INF] Executed DbCommand ("2"ms) [Parameters=[""], CommandType='Text', CommandTimeout='30']"
""SELECT CASE
    WHEN EXISTS (
        SELECT 1
        FROM [AspNetUsers] AS [a]) THEN CAST(1 AS bit)
    ELSE CAST(0 AS bit)
END" (0723d8ff)
2025-02-19T16:16:54.8952398-05:00  [INF] Executed DbCommand ("1"ms) [Parameters=[""], CommandType='Text', CommandTimeout='30']"
""SELECT CASE
    WHEN EXISTS (
        SELECT 1
        FROM [AppCustomers] AS [a]) THEN CAST(1 AS bit)
    ELSE CAST(0 AS bit)
END" (0723d8ff)
2025-02-19T16:16:54.9600866-05:00  [INF] Executed DbCommand ("9"ms) [Parameters=["@__identifier_0='?' (Size = 100)"], CommandType='Text', CommandTimeout='30']"
""SELECT TOP(1) [o].[Id], [o].[ApplicationType], [o].[ClientId], [o].[ClientSecret], [o].[ClientType], [o].[ConcurrencyToken], [o].[ConsentType], [o].[DisplayName], [o].[DisplayNames], [o].[JsonWebKeySet], [o].[Permissions], [o].[PostLogoutRedirectUris], [o].[Properties], [o].[RedirectUris], [o].[Requirements], [o].[Settings]
FROM [OpenIddictApplications] AS [o]
WHERE [o].[ClientId] = @__identifier_0" (0723d8ff)
2025-02-19T16:16:55.0087044-05:00  [INF] Executed DbCommand ("0"ms) [Parameters=["@__identifier_0='?' (Size = 100)"], CommandType='Text', CommandTimeout='30']"
""SELECT TOP(1) [o].[Id], [o].[ApplicationType], [o].[ClientId], [o].[ClientSecret], [o].[ClientType], [o].[ConcurrencyToken], [o].[ConsentType], [o].[DisplayName], [o].[DisplayNames], [o].[JsonWebKeySet], [o].[Permissions], [o].[PostLogoutRedirectUris], [o].[Properties], [o].[RedirectUris], [o].[Requirements], [o].[Settings]
FROM [OpenIddictApplications] AS [o]
WHERE [o].[ClientId] = @__identifier_0" (0723d8ff)
2025-02-19T16:16:55.0442586-05:00  [INF] Initialized Scheduler Signaller of type: Quartz.Core.SchedulerSignalerImpl (d6ab0d5f)
2025-02-19T16:16:55.0444030-05:00  [INF] Quartz Scheduler created (389d80b0)
2025-02-19T16:16:55.0445958-05:00  [INF] JobFactory set to: Quartz.Simpl.MicrosoftDependencyInjectionJobFactory (17471663)
2025-02-19T16:16:55.0447173-05:00  [INF] RAMJobStore initialized. (8c5a21db)
2025-02-19T16:16:55.0448852-05:00  [INF] Quartz Scheduler 3.13.1.0 - 'QuartzScheduler' with instanceId 'NON_CLUSTERED' initialized (70e8852b)
2025-02-19T16:16:55.0449848-05:00  [INF] Using thread pool 'Quartz.Simpl.DefaultThreadPool', size: 10 (7942d54d)
2025-02-19T16:16:55.0451409-05:00  [INF] Using job store 'Quartz.Simpl.RAMJobStore', supports persistence: False, clustered: False (46d3fae1)
2025-02-19T16:16:55.1105310-05:00  [INF] Now listening on: "http://localhost:5225" (d826f4b8)
2025-02-19T16:16:55.1108800-05:00  [INF] Application started. Press Ctrl+C to shut down. (dcaefe54)
2025-02-19T16:16:55.1110122-05:00  [INF] Hosting environment: "Development" (bc5a1a4e)
2025-02-19T16:16:55.1110342-05:00  [INF] Content root path: "C:\local Source\SubletUC\SubletUC\SubletUC.Server" (cc26f24e)
2025-02-19T16:16:55.1127302-05:00  [INF] Scheduler QuartzScheduler_$_NON_CLUSTERED started. (51b2cfb9)
2025-02-19T16:25:55.0568110-05:00  [ERR] Job OpenIddict/Quartz.NET integration.OpenIddict job threw a JobExecutionException:  (f1c848c9)
Parameters: refire = True, unscheduleFiringTrigger = False, unscheduleAllTriggers = False 
 Quartz.JobExecutionException: One or more errors occurred. (Method not found: 'System.Threading.Tasks.Task`1<Int32> Microsoft.EntityFrameworkCore.RelationalQueryableExtensions.ExecuteDeleteAsync(System.Linq.IQueryable`1<!!0>, System.Threading.CancellationToken)'.) (Method not found: 'System.Threading.Tasks.Task`1<Int32> Microsoft.EntityFrameworkCore.RelationalQueryableExtensions.ExecuteDeleteAsync(System.Linq.IQueryable`1<!!0>, System.Threading.CancellationToken)'.)
 ---> System.AggregateException: One or more errors occurred. (Method not found: 'System.Threading.Tasks.Task`1<Int32> Microsoft.EntityFrameworkCore.RelationalQueryableExtensions.ExecuteDeleteAsync(System.Linq.IQueryable`1<!!0>, System.Threading.CancellationToken)'.) (Method not found: 'System.Threading.Tasks.Task`1<Int32> Microsoft.EntityFrameworkCore.RelationalQueryableExtensions.ExecuteDeleteAsync(System.Linq.IQueryable`1<!!0>, System.Threading.CancellationToken)'.)
 ---> System.MissingMethodException: Method not found: 'System.Threading.Tasks.Task`1<Int32> Microsoft.EntityFrameworkCore.RelationalQueryableExtensions.ExecuteDeleteAsync(System.Linq.IQueryable`1<!!0>, System.Threading.CancellationToken)'.
   at OpenIddict.EntityFrameworkCore.OpenIddictEntityFrameworkCoreTokenStore`5.PruneAsync(DateTimeOffset threshold, CancellationToken cancellationToken)
   at System.Runtime.CompilerServices.AsyncMethodBuilderCore.Start[TStateMachine](TStateMachine& stateMachine)
   at OpenIddict.EntityFrameworkCore.OpenIddictEntityFrameworkCoreTokenStore`5.PruneAsync(DateTimeOffset threshold, CancellationToken cancellationToken)
   at OpenIddict.Core.OpenIddictTokenManager`1.PruneAsync(DateTimeOffset threshold, CancellationToken cancellationToken)
   at OpenIddict.Core.OpenIddictTokenManager`1.OpenIddict.Abstractions.IOpenIddictTokenManager.PruneAsync(DateTimeOffset threshold, CancellationToken cancellationToken)
   at OpenIddict.Quartz.OpenIddictQuartzJob.Execute(IJobExecutionContext context)
   --- End of inner exception stack trace ---
 ---> (Inner Exception #1) System.MissingMethodException: Method not found: 'System.Threading.Tasks.Task`1<Int32> Microsoft.EntityFrameworkCore.RelationalQueryableExtensions.ExecuteDeleteAsync(System.Linq.IQueryable`1<!!0>, System.Threading.CancellationToken)'.
   at OpenIddict.EntityFrameworkCore.OpenIddictEntityFrameworkCoreAuthorizationStore`5.PruneAsync(DateTimeOffset threshold, CancellationToken cancellationToken)
   at System.Runtime.CompilerServices.AsyncMethodBuilderCore.Start[TStateMachine](TStateMachine& stateMachine)
   at OpenIddict.EntityFrameworkCore.OpenIddictEntityFrameworkCoreAuthorizationStore`5.PruneAsync(DateTimeOffset threshold, CancellationToken cancellationToken)
   at OpenIddict.Core.OpenIddictAuthorizationManager`1.PruneAsync(DateTimeOffset threshold, CancellationToken cancellationToken)
   at OpenIddict.Core.OpenIddictAuthorizationManager`1.OpenIddict.Abstractions.IOpenIddictAuthorizationManager.PruneAsync(DateTimeOffset threshold, CancellationToken cancellationToken)
   at OpenIddict.Quartz.OpenIddictQuartzJob.Execute(IJobExecutionContext context)<---

   --- End of inner exception stack trace ---
   at OpenIddict.Quartz.OpenIddictQuartzJob.Execute(IJobExecutionContext context)
   at OpenIddict.Quartz.OpenIddictQuartzJob.Execute(IJobExecutionContext context)
   at Quartz.Core.JobRunShell.Run(CancellationToken cancellationToken) [See nested exception: System.AggregateException: One or more errors occurred. (Method not found: 'System.Threading.Tasks.Task`1<Int32> Microsoft.EntityFrameworkCore.RelationalQueryableExtensions.ExecuteDeleteAsync(System.Linq.IQueryable`1<!!0>, System.Threading.CancellationToken)'.) (Method not found: 'System.Threading.Tasks.Task`1<Int32> Microsoft.EntityFrameworkCore.RelationalQueryableExtensions.ExecuteDeleteAsync(System.Linq.IQueryable`1<!!0>, System.Threading.CancellationToken)'.)
 ---> System.MissingMethodException: Method not found: 'System.Threading.Tasks.Task`1<Int32> Microsoft.EntityFrameworkCore.RelationalQueryableExtensions.ExecuteDeleteAsync(System.Linq.IQueryable`1<!!0>, System.Threading.CancellationToken)'.
   at OpenIddict.EntityFrameworkCore.OpenIddictEntityFrameworkCoreTokenStore`5.PruneAsync(DateTimeOffset threshold, CancellationToken cancellationToken)
   at System.Runtime.CompilerServices.AsyncMethodBuilderCore.Start[TStateMachine](TStateMachine& stateMachine)
   at OpenIddict.EntityFrameworkCore.OpenIddictEntityFrameworkCoreTokenStore`5.PruneAsync(DateTimeOffset threshold, CancellationToken cancellationToken)
   at OpenIddict.Core.OpenIddictTokenManager`1.PruneAsync(DateTimeOffset threshold, CancellationToken cancellationToken)
   at OpenIddict.Core.OpenIddictTokenManager`1.OpenIddict.Abstractions.IOpenIddictTokenManager.PruneAsync(DateTimeOffset threshold, CancellationToken cancellationToken)
   at OpenIddict.Quartz.OpenIddictQuartzJob.Execute(IJobExecutionContext context)
   --- End of inner exception stack trace ---
 ---> (Inner Exception #1) System.MissingMethodException: Method not found: 'System.Threading.Tasks.Task`1<Int32> Microsoft.EntityFrameworkCore.RelationalQueryableExtensions.ExecuteDeleteAsync(System.Linq.IQueryable`1<!!0>, System.Threading.CancellationToken)'.
   at OpenIddict.EntityFrameworkCore.OpenIddictEntityFrameworkCoreAuthorizationStore`5.PruneAsync(DateTimeOffset threshold, CancellationToken cancellationToken)
   at System.Runtime.CompilerServices.AsyncMethodBuilderCore.Start[TStateMachine](TStateMachine& stateMachine)
   at OpenIddict.EntityFrameworkCore.OpenIddictEntityFrameworkCoreAuthorizationStore`5.PruneAsync(DateTimeOffset threshold, CancellationToken cancellationToken)
   at OpenIddict.Core.OpenIddictAuthorizationManager`1.PruneAsync(DateTimeOffset threshold, CancellationToken cancellationToken)
   at OpenIddict.Core.OpenIddictAuthorizationManager`1.OpenIddict.Abstractions.IOpenIddictAuthorizationManager.PruneAsync(DateTimeOffset threshold, CancellationToken cancellationToken)
   at OpenIddict.Quartz.OpenIddictQuartzJob.Execute(IJobExecutionContext context)<---
]
2025-02-19T16:25:55.0756829-05:00  [ERR] Job OpenIddict/Quartz.NET integration.OpenIddict job threw a JobExecutionException:  (f1c848c9)
Parameters: refire = True, unscheduleFiringTrigger = False, unscheduleAllTriggers = False 
 Quartz.JobExecutionException: One or more errors occurred. (Method not found: 'System.Threading.Tasks.Task`1<Int32> Microsoft.EntityFrameworkCore.RelationalQueryableExtensions.ExecuteDeleteAsync(System.Linq.IQueryable`1<!!0>, System.Threading.CancellationToken)'.) (Method not found: 'System.Threading.Tasks.Task`1<Int32> Microsoft.EntityFrameworkCore.RelationalQueryableExtensions.ExecuteDeleteAsync(System.Linq.IQueryable`1<!!0>, System.Threading.CancellationToken)'.)
 ---> System.AggregateException: One or more errors occurred. (Method not found: 'System.Threading.Tasks.Task`1<Int32> Microsoft.EntityFrameworkCore.RelationalQueryableExtensions.ExecuteDeleteAsync(System.Linq.IQueryable`1<!!0>, System.Threading.CancellationToken)'.) (Method not found: 'System.Threading.Tasks.Task`1<Int32> Microsoft.EntityFrameworkCore.RelationalQueryableExtensions.ExecuteDeleteAsync(System.Linq.IQueryable`1<!!0>, System.Threading.CancellationToken)'.)
 ---> System.MissingMethodException: Method not found: 'System.Threading.Tasks.Task`1<Int32> Microsoft.EntityFrameworkCore.RelationalQueryableExtensions.ExecuteDeleteAsync(System.Linq.IQueryable`1<!!0>, System.Threading.CancellationToken)'.
   at OpenIddict.EntityFrameworkCore.OpenIddictEntityFrameworkCoreTokenStore`5.PruneAsync(DateTimeOffset threshold, CancellationToken cancellationToken)
   at System.Runtime.CompilerServices.AsyncMethodBuilderCore.Start[TStateMachine](TStateMachine& stateMachine)
   at OpenIddict.EntityFrameworkCore.OpenIddictEntityFrameworkCoreTokenStore`5.PruneAsync(DateTimeOffset threshold, CancellationToken cancellationToken)
   at OpenIddict.Core.OpenIddictTokenManager`1.PruneAsync(DateTimeOffset threshold, CancellationToken cancellationToken)
   at OpenIddict.Core.OpenIddictTokenManager`1.OpenIddict.Abstractions.IOpenIddictTokenManager.PruneAsync(DateTimeOffset threshold, CancellationToken cancellationToken)
   at OpenIddict.Quartz.OpenIddictQuartzJob.Execute(IJobExecutionContext context)
   --- End of inner exception stack trace ---
 ---> (Inner Exception #1) System.MissingMethodException: Method not found: 'System.Threading.Tasks.Task`1<Int32> Microsoft.EntityFrameworkCore.RelationalQueryableExtensions.ExecuteDeleteAsync(System.Linq.IQueryable`1<!!0>, System.Threading.CancellationToken)'.
   at OpenIddict.EntityFrameworkCore.OpenIddictEntityFrameworkCoreAuthorizationStore`5.PruneAsync(DateTimeOffset threshold, CancellationToken cancellationToken)
   at System.Runtime.CompilerServices.AsyncMethodBuilderCore.Start[TStateMachine](TStateMachine& stateMachine)
   at OpenIddict.EntityFrameworkCore.OpenIddictEntityFrameworkCoreAuthorizationStore`5.PruneAsync(DateTimeOffset threshold, CancellationToken cancellationToken)
   at OpenIddict.Core.OpenIddictAuthorizationManager`1.PruneAsync(DateTimeOffset threshold, CancellationToken cancellationToken)
   at OpenIddict.Core.OpenIddictAuthorizationManager`1.OpenIddict.Abstractions.IOpenIddictAuthorizationManager.PruneAsync(DateTimeOffset threshold, CancellationToken cancellationToken)
   at OpenIddict.Quartz.OpenIddictQuartzJob.Execute(IJobExecutionContext context)<---

   --- End of inner exception stack trace ---
   at OpenIddict.Quartz.OpenIddictQuartzJob.Execute(IJobExecutionContext context)
   at OpenIddict.Quartz.OpenIddictQuartzJob.Execute(IJobExecutionContext context)
   at Quartz.Core.JobRunShell.Run(CancellationToken cancellationToken) [See nested exception: System.AggregateException: One or more errors occurred. (Method not found: 'System.Threading.Tasks.Task`1<Int32> Microsoft.EntityFrameworkCore.RelationalQueryableExtensions.ExecuteDeleteAsync(System.Linq.IQueryable`1<!!0>, System.Threading.CancellationToken)'.) (Method not found: 'System.Threading.Tasks.Task`1<Int32> Microsoft.EntityFrameworkCore.RelationalQueryableExtensions.ExecuteDeleteAsync(System.Linq.IQueryable`1<!!0>, System.Threading.CancellationToken)'.)
 ---> System.MissingMethodException: Method not found: 'System.Threading.Tasks.Task`1<Int32> Microsoft.EntityFrameworkCore.RelationalQueryableExtensions.ExecuteDeleteAsync(System.Linq.IQueryable`1<!!0>, System.Threading.CancellationToken)'.
   at OpenIddict.EntityFrameworkCore.OpenIddictEntityFrameworkCoreTokenStore`5.PruneAsync(DateTimeOffset threshold, CancellationToken cancellationToken)
   at System.Runtime.CompilerServices.AsyncMethodBuilderCore.Start[TStateMachine](TStateMachine& stateMachine)
   at OpenIddict.EntityFrameworkCore.OpenIddictEntityFrameworkCoreTokenStore`5.PruneAsync(DateTimeOffset threshold, CancellationToken cancellationToken)
   at OpenIddict.Core.OpenIddictTokenManager`1.PruneAsync(DateTimeOffset threshold, CancellationToken cancellationToken)
   at OpenIddict.Core.OpenIddictTokenManager`1.OpenIddict.Abstractions.IOpenIddictTokenManager.PruneAsync(DateTimeOffset threshold, CancellationToken cancellationToken)
   at OpenIddict.Quartz.OpenIddictQuartzJob.Execute(IJobExecutionContext context)
   --- End of inner exception stack trace ---
 ---> (Inner Exception #1) System.MissingMethodException: Method not found: 'System.Threading.Tasks.Task`1<Int32> Microsoft.EntityFrameworkCore.RelationalQueryableExtensions.ExecuteDeleteAsync(System.Linq.IQueryable`1<!!0>, System.Threading.CancellationToken)'.
   at OpenIddict.EntityFrameworkCore.OpenIddictEntityFrameworkCoreAuthorizationStore`5.PruneAsync(DateTimeOffset threshold, CancellationToken cancellationToken)
   at System.Runtime.CompilerServices.AsyncMethodBuilderCore.Start[TStateMachine](TStateMachine& stateMachine)
   at OpenIddict.EntityFrameworkCore.OpenIddictEntityFrameworkCoreAuthorizationStore`5.PruneAsync(DateTimeOffset threshold, CancellationToken cancellationToken)
   at OpenIddict.Core.OpenIddictAuthorizationManager`1.PruneAsync(DateTimeOffset threshold, CancellationToken cancellationToken)
   at OpenIddict.Core.OpenIddictAuthorizationManager`1.OpenIddict.Abstractions.IOpenIddictAuthorizationManager.PruneAsync(DateTimeOffset threshold, CancellationToken cancellationToken)
   at OpenIddict.Quartz.OpenIddictQuartzJob.Execute(IJobExecutionContext context)<---
]
2025-02-19T16:25:55.0810192-05:00  [ERR] Job OpenIddict/Quartz.NET integration.OpenIddict job threw a JobExecutionException:  (f1c848c9)
Parameters: refire = False, unscheduleFiringTrigger = False, unscheduleAllTriggers = False 
 Quartz.JobExecutionException: One or more errors occurred. (Method not found: 'System.Threading.Tasks.Task`1<Int32> Microsoft.EntityFrameworkCore.RelationalQueryableExtensions.ExecuteDeleteAsync(System.Linq.IQueryable`1<!!0>, System.Threading.CancellationToken)'.) (Method not found: 'System.Threading.Tasks.Task`1<Int32> Microsoft.EntityFrameworkCore.RelationalQueryableExtensions.ExecuteDeleteAsync(System.Linq.IQueryable`1<!!0>, System.Threading.CancellationToken)'.)
 ---> System.AggregateException: One or more errors occurred. (Method not found: 'System.Threading.Tasks.Task`1<Int32> Microsoft.EntityFrameworkCore.RelationalQueryableExtensions.ExecuteDeleteAsync(System.Linq.IQueryable`1<!!0>, System.Threading.CancellationToken)'.) (Method not found: 'System.Threading.Tasks.Task`1<Int32> Microsoft.EntityFrameworkCore.RelationalQueryableExtensions.ExecuteDeleteAsync(System.Linq.IQueryable`1<!!0>, System.Threading.CancellationToken)'.)
 ---> System.MissingMethodException: Method not found: 'System.Threading.Tasks.Task`1<Int32> Microsoft.EntityFrameworkCore.RelationalQueryableExtensions.ExecuteDeleteAsync(System.Linq.IQueryable`1<!!0>, System.Threading.CancellationToken)'.
   at OpenIddict.EntityFrameworkCore.OpenIddictEntityFrameworkCoreTokenStore`5.PruneAsync(DateTimeOffset threshold, CancellationToken cancellationToken)
   at System.Runtime.CompilerServices.AsyncMethodBuilderCore.Start[TStateMachine](TStateMachine& stateMachine)
   at OpenIddict.EntityFrameworkCore.OpenIddictEntityFrameworkCoreTokenStore`5.PruneAsync(DateTimeOffset threshold, CancellationToken cancellationToken)
   at OpenIddict.Core.OpenIddictTokenManager`1.PruneAsync(DateTimeOffset threshold, CancellationToken cancellationToken)
   at OpenIddict.Core.OpenIddictTokenManager`1.OpenIddict.Abstractions.IOpenIddictTokenManager.PruneAsync(DateTimeOffset threshold, CancellationToken cancellationToken)
   at OpenIddict.Quartz.OpenIddictQuartzJob.Execute(IJobExecutionContext context)
   --- End of inner exception stack trace ---
 ---> (Inner Exception #1) System.MissingMethodException: Method not found: 'System.Threading.Tasks.Task`1<Int32> Microsoft.EntityFrameworkCore.RelationalQueryableExtensions.ExecuteDeleteAsync(System.Linq.IQueryable`1<!!0>, System.Threading.CancellationToken)'.
   at OpenIddict.EntityFrameworkCore.OpenIddictEntityFrameworkCoreAuthorizationStore`5.PruneAsync(DateTimeOffset threshold, CancellationToken cancellationToken)
   at System.Runtime.CompilerServices.AsyncMethodBuilderCore.Start[TStateMachine](TStateMachine& stateMachine)
   at OpenIddict.EntityFrameworkCore.OpenIddictEntityFrameworkCoreAuthorizationStore`5.PruneAsync(DateTimeOffset threshold, CancellationToken cancellationToken)
   at OpenIddict.Core.OpenIddictAuthorizationManager`1.PruneAsync(DateTimeOffset threshold, CancellationToken cancellationToken)
   at OpenIddict.Core.OpenIddictAuthorizationManager`1.OpenIddict.Abstractions.IOpenIddictAuthorizationManager.PruneAsync(DateTimeOffset threshold, CancellationToken cancellationToken)
   at OpenIddict.Quartz.OpenIddictQuartzJob.Execute(IJobExecutionContext context)<---

   --- End of inner exception stack trace ---
   at OpenIddict.Quartz.OpenIddictQuartzJob.Execute(IJobExecutionContext context)
   at OpenIddict.Quartz.OpenIddictQuartzJob.Execute(IJobExecutionContext context)
   at Quartz.Core.JobRunShell.Run(CancellationToken cancellationToken) [See nested exception: System.AggregateException: One or more errors occurred. (Method not found: 'System.Threading.Tasks.Task`1<Int32> Microsoft.EntityFrameworkCore.RelationalQueryableExtensions.ExecuteDeleteAsync(System.Linq.IQueryable`1<!!0>, System.Threading.CancellationToken)'.) (Method not found: 'System.Threading.Tasks.Task`1<Int32> Microsoft.EntityFrameworkCore.RelationalQueryableExtensions.ExecuteDeleteAsync(System.Linq.IQueryable`1<!!0>, System.Threading.CancellationToken)'.)
 ---> System.MissingMethodException: Method not found: 'System.Threading.Tasks.Task`1<Int32> Microsoft.EntityFrameworkCore.RelationalQueryableExtensions.ExecuteDeleteAsync(System.Linq.IQueryable`1<!!0>, System.Threading.CancellationToken)'.
   at OpenIddict.EntityFrameworkCore.OpenIddictEntityFrameworkCoreTokenStore`5.PruneAsync(DateTimeOffset threshold, CancellationToken cancellationToken)
   at System.Runtime.CompilerServices.AsyncMethodBuilderCore.Start[TStateMachine](TStateMachine& stateMachine)
   at OpenIddict.EntityFrameworkCore.OpenIddictEntityFrameworkCoreTokenStore`5.PruneAsync(DateTimeOffset threshold, CancellationToken cancellationToken)
   at OpenIddict.Core.OpenIddictTokenManager`1.PruneAsync(DateTimeOffset threshold, CancellationToken cancellationToken)
   at OpenIddict.Core.OpenIddictTokenManager`1.OpenIddict.Abstractions.IOpenIddictTokenManager.PruneAsync(DateTimeOffset threshold, CancellationToken cancellationToken)
   at OpenIddict.Quartz.OpenIddictQuartzJob.Execute(IJobExecutionContext context)
   --- End of inner exception stack trace ---
 ---> (Inner Exception #1) System.MissingMethodException: Method not found: 'System.Threading.Tasks.Task`1<Int32> Microsoft.EntityFrameworkCore.RelationalQueryableExtensions.ExecuteDeleteAsync(System.Linq.IQueryable`1<!!0>, System.Threading.CancellationToken)'.
   at OpenIddict.EntityFrameworkCore.OpenIddictEntityFrameworkCoreAuthorizationStore`5.PruneAsync(DateTimeOffset threshold, CancellationToken cancellationToken)
   at System.Runtime.CompilerServices.AsyncMethodBuilderCore.Start[TStateMachine](TStateMachine& stateMachine)
   at OpenIddict.EntityFrameworkCore.OpenIddictEntityFrameworkCoreAuthorizationStore`5.PruneAsync(DateTimeOffset threshold, CancellationToken cancellationToken)
   at OpenIddict.Core.OpenIddictAuthorizationManager`1.PruneAsync(DateTimeOffset threshold, CancellationToken cancellationToken)
   at OpenIddict.Core.OpenIddictAuthorizationManager`1.OpenIddict.Abstractions.IOpenIddictAuthorizationManager.PruneAsync(DateTimeOffset threshold, CancellationToken cancellationToken)
   at OpenIddict.Quartz.OpenIddictQuartzJob.Execute(IJobExecutionContext context)<---
]
2025-02-19T16:59:48.8515223-05:00  [INF] Application is shutting down... (90f52c38)
2025-02-19T16:59:48.8565287-05:00  [INF] Scheduler "QuartzScheduler_$_NON_CLUSTERED" shutting down. (cff05048)
2025-02-19T16:59:48.8570265-05:00  [INF] Scheduler QuartzScheduler_$_NON_CLUSTERED paused. (4b94edca)
2025-02-19T16:59:48.8593323-05:00  [INF] Scheduler QuartzScheduler_$_NON_CLUSTERED Shutdown complete. (0c25828c)
2025-02-19T16:59:52.7841489-05:00  [WRN] The WebRootPath was not found: "C:\local Source\SubletUC\SubletUC\SubletUC.Server\wwwroot". Static files may be unavailable. (3ae2c740)
2025-02-19T16:59:52.8290412-05:00  [WRN] The WebRootPath was not found: "C:\local Source\SubletUC\SubletUC\SubletUC.Server\wwwroot". Static files may be unavailable. (3ae2c740)
2025-02-19T16:59:54.1806692-05:00  [INF] Executed DbCommand ("14"ms) [Parameters=[""], CommandType='Text', CommandTimeout='30']"
""SELECT 1" (0723d8ff)
2025-02-19T16:59:54.1880466-05:00  [INF] Acquiring an exclusive lock for migration application. See https://aka.ms/efcore-docs-migrations-lock for more information if this takes too long. (a4825afd)
2025-02-19T16:59:54.2078502-05:00  [INF] Executed DbCommand ("18"ms) [Parameters=[""], CommandType='Text', CommandTimeout='30']"
""DECLARE @result int;
EXEC @result = sp_getapplock @Resource = '__EFMigrationsLock', @LockOwner = 'Session', @LockMode = 'Exclusive';
SELECT @result" (0723d8ff)
2025-02-19T16:59:54.2430584-05:00  [INF] Executed DbCommand ("1"ms) [Parameters=[""], CommandType='Text', CommandTimeout='30']"
""IF OBJECT_ID(N'[__EFMigrationsHistory]') IS NULL
BEGIN
    CREATE TABLE [__EFMigrationsHistory] (
        [MigrationId] nvarchar(150) NOT NULL,
        [ProductVersion] nvarchar(32) NOT NULL,
        CONSTRAINT [PK___EFMigrationsHistory] PRIMARY KEY ([MigrationId])
    );
END;" (0723d8ff)
2025-02-19T16:59:54.2536081-05:00  [INF] Executed DbCommand ("0"ms) [Parameters=[""], CommandType='Text', CommandTimeout='30']"
""SELECT 1" (0723d8ff)
2025-02-19T16:59:54.2543228-05:00  [INF] Executed DbCommand ("0"ms) [Parameters=[""], CommandType='Text', CommandTimeout='30']"
""SELECT OBJECT_ID(N'[__EFMigrationsHistory]');" (0723d8ff)
2025-02-19T16:59:54.2577541-05:00  [INF] Executed DbCommand ("2"ms) [Parameters=[""], CommandType='Text', CommandTimeout='30']"
""SELECT [MigrationId], [ProductVersion]
FROM [__EFMigrationsHistory]
ORDER BY [MigrationId];" (0723d8ff)
2025-02-19T16:59:54.2660383-05:00  [INF] No migrations were applied. The database is already up to date. (503cba9d)
2025-02-19T16:59:54.2728520-05:00  [INF] Executed DbCommand ("3"ms) [Parameters=[""], CommandType='Text', CommandTimeout='30']"
""DECLARE @result int;
EXEC @result = sp_releaseapplock @Resource = '__EFMigrationsLock', @LockOwner = 'Session';
SELECT @result" (0723d8ff)
2025-02-19T16:59:54.3956362-05:00  [INF] Executed DbCommand ("3"ms) [Parameters=[""], CommandType='Text', CommandTimeout='30']"
""SELECT CASE
    WHEN EXISTS (
        SELECT 1
        FROM [AspNetUsers] AS [a]) THEN CAST(1 AS bit)
    ELSE CAST(0 AS bit)
END" (0723d8ff)
2025-02-19T16:59:54.4015771-05:00  [INF] Executed DbCommand ("1"ms) [Parameters=[""], CommandType='Text', CommandTimeout='30']"
""SELECT CASE
    WHEN EXISTS (
        SELECT 1
        FROM [AppCustomers] AS [a]) THEN CAST(1 AS bit)
    ELSE CAST(0 AS bit)
END" (0723d8ff)
2025-02-19T16:59:54.4672763-05:00  [INF] Executed DbCommand ("9"ms) [Parameters=["@__identifier_0='?' (Size = 100)"], CommandType='Text', CommandTimeout='30']"
""SELECT TOP(1) [o].[Id], [o].[ApplicationType], [o].[ClientId], [o].[ClientSecret], [o].[ClientType], [o].[ConcurrencyToken], [o].[ConsentType], [o].[DisplayName], [o].[DisplayNames], [o].[JsonWebKeySet], [o].[Permissions], [o].[PostLogoutRedirectUris], [o].[Properties], [o].[RedirectUris], [o].[Requirements], [o].[Settings]
FROM [OpenIddictApplications] AS [o]
WHERE [o].[ClientId] = @__identifier_0" (0723d8ff)
2025-02-19T16:59:54.5172671-05:00  [INF] Executed DbCommand ("0"ms) [Parameters=["@__identifier_0='?' (Size = 100)"], CommandType='Text', CommandTimeout='30']"
""SELECT TOP(1) [o].[Id], [o].[ApplicationType], [o].[ClientId], [o].[ClientSecret], [o].[ClientType], [o].[ConcurrencyToken], [o].[ConsentType], [o].[DisplayName], [o].[DisplayNames], [o].[JsonWebKeySet], [o].[Permissions], [o].[PostLogoutRedirectUris], [o].[Properties], [o].[RedirectUris], [o].[Requirements], [o].[Settings]
FROM [OpenIddictApplications] AS [o]
WHERE [o].[ClientId] = @__identifier_0" (0723d8ff)
2025-02-19T16:59:54.5532295-05:00  [INF] Initialized Scheduler Signaller of type: Quartz.Core.SchedulerSignalerImpl (d6ab0d5f)
2025-02-19T16:59:54.5533859-05:00  [INF] Quartz Scheduler created (389d80b0)
2025-02-19T16:59:54.5535659-05:00  [INF] JobFactory set to: Quartz.Simpl.MicrosoftDependencyInjectionJobFactory (17471663)
2025-02-19T16:59:54.5536883-05:00  [INF] RAMJobStore initialized. (8c5a21db)
2025-02-19T16:59:54.5538617-05:00  [INF] Quartz Scheduler 3.13.1.0 - 'QuartzScheduler' with instanceId 'NON_CLUSTERED' initialized (70e8852b)
2025-02-19T16:59:54.5539442-05:00  [INF] Using thread pool 'Quartz.Simpl.DefaultThreadPool', size: 10 (7942d54d)
2025-02-19T16:59:54.5540530-05:00  [INF] Using job store 'Quartz.Simpl.RAMJobStore', supports persistence: False, clustered: False (46d3fae1)
2025-02-19T16:59:54.6207942-05:00  [INF] Now listening on: "http://localhost:5225" (d826f4b8)
2025-02-19T16:59:54.6211335-05:00  [INF] Application started. Press Ctrl+C to shut down. (dcaefe54)
2025-02-19T16:59:54.6212784-05:00  [INF] Hosting environment: "Development" (bc5a1a4e)
2025-02-19T16:59:54.6213013-05:00  [INF] Content root path: "C:\local Source\SubletUC\SubletUC\SubletUC.Server" (cc26f24e)
2025-02-19T16:59:54.6229041-05:00  [INF] Scheduler QuartzScheduler_$_NON_CLUSTERED started. (51b2cfb9)
